<?xml version="1.0" encoding="UTF-8"?>
<testsuite name="com.ceiba.cinemax.dominio.modelo.SalaCineTest" tests="1" skipped="0" failures="0" errors="0" timestamp="2020-02-24T19:13:19" hostname="SANTIAGO-GARCIA" time="0.0">
  <properties/>
  <testcase name="funcionamientoGetterSalaCine()" classname="com.ceiba.cinemax.dominio.modelo.SalaCineTest" time="0.0"/>
  <system-out><![CDATA[]]></system-out>
  <system-err><![CDATA[]]></system-err>
</testsuite>
