<?xml version="1.0" encoding="UTF-8"?>
<testsuite name="com.ceiba.cinemax.dominio.servicio.pelicula.ServicioCrearPeliculaTest" tests="4" skipped="0" failures="0" errors="0" timestamp="2020-02-21T17:01:16" hostname="SANTIAGO-GARCIA" time="0.38">
  <properties/>
  <testcase name="ejecutarTest()" classname="com.ceiba.cinemax.dominio.servicio.pelicula.ServicioCrearPeliculaTest" time="0.28"/>
  <testcase name="validarNoExistenciaDePeliculaTest()" classname="com.ceiba.cinemax.dominio.servicio.pelicula.ServicioCrearPeliculaTest" time="0.084"/>
  <testcase name="validarNoExistenciaSalaCineTest()" classname="com.ceiba.cinemax.dominio.servicio.pelicula.ServicioCrearPeliculaTest" time="0.009"/>
  <testcase name="validarExistenciaDePeliculaTest()" classname="com.ceiba.cinemax.dominio.servicio.pelicula.ServicioCrearPeliculaTest" time="0.002"/>
  <system-out><![CDATA[]]></system-out>
  <system-err><![CDATA[]]></system-err>
</testsuite>
