<?xml version="1.0" encoding="UTF-8"?>
<testsuite name="com.ceiba.cinemax.dominio.servicio.reserva.SercioDescuentoPagarReservaTest" tests="4" skipped="0" failures="0" errors="0" timestamp="2020-02-21T17:01:17" hostname="SANTIAGO-GARCIA" time="0.129">
  <properties/>
  <testcase name="ejecutarTest()" classname="com.ceiba.cinemax.dominio.servicio.reserva.SercioDescuentoPagarReservaTest" time="0.123"/>
  <testcase name="valorReservaDiaNormalTest()" classname="com.ceiba.cinemax.dominio.servicio.reserva.SercioDescuentoPagarReservaTest" time="0.001"/>
  <testcase name="valorReservaDomingoTest()" classname="com.ceiba.cinemax.dominio.servicio.reserva.SercioDescuentoPagarReservaTest" time="0.001"/>
  <testcase name="valorReservaMartesMiercolestTest()" classname="com.ceiba.cinemax.dominio.servicio.reserva.SercioDescuentoPagarReservaTest" time="0.001"/>
  <system-out><![CDATA[]]></system-out>
  <system-err><![CDATA[]]></system-err>
</testsuite>
