<?xml version="1.0" encoding="UTF-8"?>
<testsuite name="com.ceiba.cinemax.infraestructura.controlador.ControladorPeliculaTest" tests="3" skipped="0" failures="0" errors="0" timestamp="2020-02-24T19:13:32" hostname="SANTIAGO-GARCIA" time="1.556">
  <properties/>
  <testcase name="crearPeliculaSinSala()" classname="com.ceiba.cinemax.infraestructura.controlador.ControladorPeliculaTest" time="0.812"/>
  <testcase name="listarPeliculaTest()" classname="com.ceiba.cinemax.infraestructura.controlador.ControladorPeliculaTest" time="0.689"/>
  <testcase name="crearPelicula()" classname="com.ceiba.cinemax.infraestructura.controlador.ControladorPeliculaTest" time="0.05"/>
  <system-out><![CDATA[14:13:20.014 [Test worker] DEBUG org.springframework.test.context.BootstrapUtils - Instantiating CacheAwareContextLoaderDelegate from class [org.springframework.test.context.cache.DefaultCacheAwareContextLoaderDelegate]
14:13:20.133 [Test worker] DEBUG org.springframework.test.context.BootstrapUtils - Instantiating BootstrapContext using constructor [public org.springframework.test.context.support.DefaultBootstrapContext(java.lang.Class,org.springframework.test.context.CacheAwareContextLoaderDelegate)]
14:13:20.219 [Test worker] DEBUG org.springframework.test.context.BootstrapUtils - Instantiating TestContextBootstrapper for test class [com.ceiba.cinemax.infraestructura.controlador.ControladorPeliculaTest] from class [org.springframework.boot.test.context.SpringBootTestContextBootstrapper]
14:13:20.254 [Test worker] INFO org.springframework.boot.test.context.SpringBootTestContextBootstrapper - Neither @ContextConfiguration nor @ContextHierarchy found for test class [com.ceiba.cinemax.infraestructura.controlador.ControladorPeliculaTest], using SpringBootContextLoader
14:13:20.264 [Test worker] DEBUG org.springframework.test.context.support.AbstractContextLoader - Did not detect default resource location for test class [com.ceiba.cinemax.infraestructura.controlador.ControladorPeliculaTest]: class path resource [com/ceiba/cinemax/infraestructura/controlador/ControladorPeliculaTest-context.xml] does not exist
14:13:20.265 [Test worker] DEBUG org.springframework.test.context.support.AbstractContextLoader - Did not detect default resource location for test class [com.ceiba.cinemax.infraestructura.controlador.ControladorPeliculaTest]: class path resource [com/ceiba/cinemax/infraestructura/controlador/ControladorPeliculaTestContext.groovy] does not exist
14:13:20.265 [Test worker] INFO org.springframework.test.context.support.AbstractContextLoader - Could not detect default resource locations for test class [com.ceiba.cinemax.infraestructura.controlador.ControladorPeliculaTest]: no resource found for suffixes {-context.xml, Context.groovy}.
14:13:20.379 [Test worker] DEBUG org.springframework.test.context.support.ActiveProfilesUtils - Could not find an 'annotation declaring class' for annotation type [org.springframework.test.context.ActiveProfiles] and class [com.ceiba.cinemax.infraestructura.controlador.ControladorPeliculaTest]
14:13:20.691 [Test worker] DEBUG org.springframework.boot.test.context.SpringBootTestContextBootstrapper - @TestExecutionListeners is not present for class [com.ceiba.cinemax.infraestructura.controlador.ControladorPeliculaTest]: using defaults.
14:13:20.692 [Test worker] INFO org.springframework.boot.test.context.SpringBootTestContextBootstrapper - Loaded default TestExecutionListener class names from location [META-INF/spring.factories]: [org.springframework.boot.test.autoconfigure.restdocs.RestDocsTestExecutionListener, org.springframework.boot.test.autoconfigure.web.client.MockRestServiceServerResetTestExecutionListener, org.springframework.boot.test.autoconfigure.web.servlet.MockMvcPrintOnlyOnFailureTestExecutionListener, org.springframework.boot.test.autoconfigure.web.servlet.WebDriverTestExecutionListener, org.springframework.boot.test.mock.mockito.MockitoTestExecutionListener, org.springframework.boot.test.mock.mockito.ResetMocksTestExecutionListener, org.springframework.test.context.web.ServletTestExecutionListener, org.springframework.test.context.support.DirtiesContextBeforeModesTestExecutionListener, org.springframework.test.context.support.DependencyInjectionTestExecutionListener, org.springframework.test.context.support.DirtiesContextTestExecutionListener, org.springframework.test.context.transaction.TransactionalTestExecutionListener, org.springframework.test.context.jdbc.SqlScriptsTestExecutionListener, org.springframework.test.context.event.EventPublishingTestExecutionListener]
14:13:20.740 [Test worker] INFO org.springframework.boot.test.context.SpringBootTestContextBootstrapper - Using TestExecutionListeners: [org.springframework.test.context.web.ServletTestExecutionListener@6f7be697, org.springframework.test.context.support.DirtiesContextBeforeModesTestExecutionListener@74cf6e3c, org.springframework.boot.test.mock.mockito.MockitoTestExecutionListener@3b777e30, org.springframework.boot.test.autoconfigure.SpringBootDependencyInjectionTestExecutionListener@26290100, org.springframework.test.context.support.DirtiesContextTestExecutionListener@16d6140c, org.springframework.test.context.transaction.TransactionalTestExecutionListener@19673664, org.springframework.test.context.jdbc.SqlScriptsTestExecutionListener@19615d86, org.springframework.test.context.event.EventPublishingTestExecutionListener@772e7eab, org.springframework.boot.test.autoconfigure.restdocs.RestDocsTestExecutionListener@517e7236, org.springframework.boot.test.autoconfigure.web.client.MockRestServiceServerResetTestExecutionListener@710aba6b, org.springframework.boot.test.autoconfigure.web.servlet.MockMvcPrintOnlyOnFailureTestExecutionListener@629444a1, org.springframework.boot.test.autoconfigure.web.servlet.WebDriverTestExecutionListener@664ba57e, org.springframework.boot.test.mock.mockito.ResetMocksTestExecutionListener@44069443]
14:13:20.751 [Test worker] DEBUG org.springframework.test.context.support.AbstractDirtiesContextTestExecutionListener - Before test class: context [DefaultTestContext@34282bbc testClass = ControladorPeliculaTest, testInstance = [null], testMethod = [null], testException = [null], mergedContextConfiguration = [WebMergedContextConfiguration@708b5046 testClass = ControladorPeliculaTest, locations = '{}', classes = '{class com.ceiba.cinemax.CinemaxApplication, class com.ceiba.cinemax.CinemaxApplication}', contextInitializerClasses = '[]', activeProfiles = '{}', propertySourceLocations = '{}', propertySourceProperties = '{org.springframework.boot.test.context.SpringBootTestContextBootstrapper=true}', contextCustomizers = set[org.springframework.boot.test.autoconfigure.properties.PropertyMappingContextCustomizer@4b3fa0b3, org.springframework.boot.test.autoconfigure.web.servlet.WebDriverContextCustomizerFactory$Customizer@7fe6cfdc, [ImportsContextCustomizer@3f94613 key = [org.springframework.boot.test.autoconfigure.web.servlet.MockMvcAutoConfiguration, org.springframework.boot.test.autoconfigure.web.servlet.MockMvcWebClientAutoConfiguration, org.springframework.boot.test.autoconfigure.web.servlet.MockMvcWebDriverAutoConfiguration, org.springframework.boot.autoconfigure.security.servlet.SecurityAutoConfiguration, org.springframework.boot.autoconfigure.security.servlet.UserDetailsServiceAutoConfiguration, org.springframework.boot.test.autoconfigure.web.servlet.MockMvcSecurityConfiguration]], org.springframework.boot.test.context.filter.ExcludeFilterContextCustomizer@7fd52b39, org.springframework.boot.test.json.DuplicateJsonObjectContextCustomizerFactory$DuplicateJsonObjectContextCustomizer@1c5e1537, org.springframework.boot.test.mock.mockito.MockitoContextCustomizer@0, org.springframework.boot.test.web.client.TestRestTemplateContextCustomizer@780d2328], resourceBasePath = 'src/main/webapp', contextLoader = 'org.springframework.boot.test.context.SpringBootContextLoader', parent = [null]], attributes = map['org.springframework.test.context.web.ServletTestExecutionListener.activateListener' -> true]], class annotated with @DirtiesContext [false] with mode [null].
14:13:20.843 [Test worker] DEBUG org.springframework.test.context.support.TestPropertySourceUtils - Adding inlined properties to environment: {spring.jmx.enabled=false, org.springframework.boot.test.context.SpringBootTestContextBootstrapper=true, server.port=-1}

  .   ____          _            __ _ _
 /\\ / ___'_ __ _ _(_)_ __  __ _ \ \ \ \
( ( )\___ | '_ | '_| | '_ \/ _` | \ \ \ \
 \\/  ___)| |_)| | | | | || (_| |  ) ) ) )
  '  |____| .__|_| |_|_| |_\__, | / / / /
 =========|_|==============|___/=/_/_/_/
 :: Spring Boot ::        (v2.2.4.RELEASE)

2020-02-24 14:13:21.754  INFO 7116 --- [    Test worker] c.c.c.i.c.ControladorPeliculaTest        : Starting ControladorPeliculaTest on SANTIAGO-GARCIA with PID 7116 (started by santiago.garcia in C:\Users\santiago.garcia\Desktop\proyectos\cinemax-service)
2020-02-24 14:13:21.758  INFO 7116 --- [    Test worker] c.c.c.i.c.ControladorPeliculaTest        : No active profile set, falling back to default profiles: default
2020-02-24 14:13:23.808  INFO 7116 --- [    Test worker] .s.d.r.c.RepositoryConfigurationDelegate : Bootstrapping Spring Data JPA repositories in DEFAULT mode.
2020-02-24 14:13:24.068  INFO 7116 --- [    Test worker] .s.d.r.c.RepositoryConfigurationDelegate : Finished Spring Data repository scanning in 230ms. Found 3 JPA repository interfaces.
2020-02-24 14:13:25.131  INFO 7116 --- [    Test worker] trationDelegate$BeanPostProcessorChecker : Bean 'org.springframework.transaction.annotation.ProxyTransactionManagementConfiguration' of type [org.springframework.transaction.annotation.ProxyTransactionManagementConfiguration] is not eligible for getting processed by all BeanPostProcessors (for example: not eligible for auto-proxying)
2020-02-24 14:13:25.562  INFO 7116 --- [    Test worker] com.zaxxer.hikari.HikariDataSource       : HikariPool-1 - Starting...
2020-02-24 14:13:26.272  INFO 7116 --- [    Test worker] com.zaxxer.hikari.HikariDataSource       : HikariPool-1 - Start completed.
2020-02-24 14:13:26.498  INFO 7116 --- [    Test worker] o.hibernate.jpa.internal.util.LogHelper  : HHH000204: Processing PersistenceUnitInfo [name: default]
2020-02-24 14:13:26.719  INFO 7116 --- [    Test worker] org.hibernate.Version                    : HHH000412: Hibernate Core {5.4.10.Final}
2020-02-24 14:13:26.827  INFO 7116 --- [    Test worker] o.hibernate.annotations.common.Version   : HCANN000001: Hibernate Commons Annotations {5.1.0.Final}
2020-02-24 14:13:27.236  INFO 7116 --- [    Test worker] org.hibernate.dialect.Dialect            : HHH000400: Using dialect: org.hibernate.dialect.H2Dialect
2020-02-24 14:13:29.104  INFO 7116 --- [    Test worker] o.h.e.t.j.p.i.JtaPlatformInitiator       : HHH000490: Using JtaPlatform implementation: [org.hibernate.engine.transaction.jta.platform.internal.NoJtaPlatform]
2020-02-24 14:13:29.121  INFO 7116 --- [    Test worker] j.LocalContainerEntityManagerFactoryBean : Initialized JPA EntityManagerFactory for persistence unit 'default'
2020-02-24 14:13:30.766  WARN 7116 --- [    Test worker] JpaBaseConfiguration$JpaWebConfiguration : spring.jpa.open-in-view is enabled by default. Therefore, database queries may be performed during view rendering. Explicitly configure spring.jpa.open-in-view to disable this warning
2020-02-24 14:13:31.374  INFO 7116 --- [    Test worker] o.s.s.concurrent.ThreadPoolTaskExecutor  : Initializing ExecutorService 'applicationTaskExecutor'
2020-02-24 14:13:32.379  INFO 7116 --- [    Test worker] o.s.b.t.m.w.SpringBootMockServletContext : Initializing Spring TestDispatcherServlet ''
2020-02-24 14:13:32.379  INFO 7116 --- [    Test worker] o.s.t.web.servlet.TestDispatcherServlet  : Initializing Servlet ''
2020-02-24 14:13:32.413  INFO 7116 --- [    Test worker] o.s.t.web.servlet.TestDispatcherServlet  : Completed initialization in 33 ms
2020-02-24 14:13:32.451  INFO 7116 --- [    Test worker] c.c.c.i.c.ControladorPeliculaTest        : Started ControladorPeliculaTest in 11.579 seconds (JVM running for 17.538)
2020-02-24 14:13:32.537  INFO 7116 --- [    Test worker] o.s.t.c.transaction.TransactionContext   : Began transaction (1) for test context [DefaultTestContext@34282bbc testClass = ControladorPeliculaTest, testInstance = com.ceiba.cinemax.infraestructura.controlador.ControladorPeliculaTest@59763940, testMethod = crearPeliculaSinSala@ControladorPeliculaTest, testException = [null], mergedContextConfiguration = [WebMergedContextConfiguration@708b5046 testClass = ControladorPeliculaTest, locations = '{}', classes = '{class com.ceiba.cinemax.CinemaxApplication, class com.ceiba.cinemax.CinemaxApplication}', contextInitializerClasses = '[]', activeProfiles = '{}', propertySourceLocations = '{}', propertySourceProperties = '{org.springframework.boot.test.context.SpringBootTestContextBootstrapper=true}', contextCustomizers = set[org.springframework.boot.test.autoconfigure.properties.PropertyMappingContextCustomizer@4b3fa0b3, org.springframework.boot.test.autoconfigure.web.servlet.WebDriverContextCustomizerFactory$Customizer@7fe6cfdc, [ImportsContextCustomizer@3f94613 key = [org.springframework.boot.test.autoconfigure.web.servlet.MockMvcAutoConfiguration, org.springframework.boot.test.autoconfigure.web.servlet.MockMvcWebClientAutoConfiguration, org.springframework.boot.test.autoconfigure.web.servlet.MockMvcWebDriverAutoConfiguration, org.springframework.boot.autoconfigure.security.servlet.SecurityAutoConfiguration, org.springframework.boot.autoconfigure.security.servlet.UserDetailsServiceAutoConfiguration, org.springframework.boot.test.autoconfigure.web.servlet.MockMvcSecurityConfiguration]], org.springframework.boot.test.context.filter.ExcludeFilterContextCustomizer@7fd52b39, org.springframework.boot.test.json.DuplicateJsonObjectContextCustomizerFactory$DuplicateJsonObjectContextCustomizer@1c5e1537, org.springframework.boot.test.mock.mockito.MockitoContextCustomizer@0, org.springframework.boot.test.web.client.TestRestTemplateContextCustomizer@780d2328], resourceBasePath = 'src/main/webapp', contextLoader = 'org.springframework.boot.test.context.SpringBootContextLoader', parent = [null]], attributes = map['org.springframework.test.context.web.ServletTestExecutionListener.activateListener' -> true, 'org.springframework.test.context.web.ServletTestExecutionListener.populatedRequestContextHolder' -> true, 'org.springframework.test.context.web.ServletTestExecutionListener.resetRequestContextHolder' -> true]]; transaction manager [org.springframework.orm.jpa.JpaTransactionManager@261b0d16]; rollback [true]

MockHttpServletRequest:
      HTTP Method = POST
      Request URI = /pelicula
       Parameters = {}
          Headers = [Content-Type:"application/json;charset=UTF-8", Accept:"application/json", Content-Length:"124"]
             Body = {"nombre":"TRANSFORMERS","salaCine":{"numeroSalaCine":"1","capacidadSillas":200,"estadoSalaCine":true},"numeroSalaCine":"1"}
    Session Attrs = {}

Handler:
             Type = com.ceiba.cinemax.infraestructura.controlador.ControladorPelicula
           Method = com.ceiba.cinemax.infraestructura.controlador.ControladorPelicula#guardarPelicula(ComandoPelicula)

Async:
    Async started = false
     Async result = null

Resolved Exception:
             Type = com.ceiba.cinemax.dominio.excepcion.ExcepcionExistenciaSalaCine

ModelAndView:
        View name = null
             View = null
            Model = null

FlashMap:
       Attributes = null

MockHttpServletResponse:
           Status = 400
    Error message = null
          Headers = [Content-Type:"application/json"]
     Content type = application/json
             Body = {"nombreExcepcion":"ExcepcionExistenciaSalaCine","mensajeExcepcion":"la sala de cine no existe"}
    Forwarded URL = null
   Redirected URL = null
          Cookies = []
2020-02-24 14:13:33.318  INFO 7116 --- [    Test worker] o.s.t.c.transaction.TransactionContext   : Rolled back transaction for test: [DefaultTestContext@34282bbc testClass = ControladorPeliculaTest, testInstance = com.ceiba.cinemax.infraestructura.controlador.ControladorPeliculaTest@59763940, testMethod = crearPeliculaSinSala@ControladorPeliculaTest, testException = [null], mergedContextConfiguration = [WebMergedContextConfiguration@708b5046 testClass = ControladorPeliculaTest, locations = '{}', classes = '{class com.ceiba.cinemax.CinemaxApplication, class com.ceiba.cinemax.CinemaxApplication}', contextInitializerClasses = '[]', activeProfiles = '{}', propertySourceLocations = '{}', propertySourceProperties = '{org.springframework.boot.test.context.SpringBootTestContextBootstrapper=true}', contextCustomizers = set[org.springframework.boot.test.autoconfigure.properties.PropertyMappingContextCustomizer@4b3fa0b3, org.springframework.boot.test.autoconfigure.web.servlet.WebDriverContextCustomizerFactory$Customizer@7fe6cfdc, [ImportsContextCustomizer@3f94613 key = [org.springframework.boot.test.autoconfigure.web.servlet.MockMvcAutoConfiguration, org.springframework.boot.test.autoconfigure.web.servlet.MockMvcWebClientAutoConfiguration, org.springframework.boot.test.autoconfigure.web.servlet.MockMvcWebDriverAutoConfiguration, org.springframework.boot.autoconfigure.security.servlet.SecurityAutoConfiguration, org.springframework.boot.autoconfigure.security.servlet.UserDetailsServiceAutoConfiguration, org.springframework.boot.test.autoconfigure.web.servlet.MockMvcSecurityConfiguration]], org.springframework.boot.test.context.filter.ExcludeFilterContextCustomizer@7fd52b39, org.springframework.boot.test.json.DuplicateJsonObjectContextCustomizerFactory$DuplicateJsonObjectContextCustomizer@1c5e1537, org.springframework.boot.test.mock.mockito.MockitoContextCustomizer@0, org.springframework.boot.test.web.client.TestRestTemplateContextCustomizer@780d2328], resourceBasePath = 'src/main/webapp', contextLoader = 'org.springframework.boot.test.context.SpringBootContextLoader', parent = [null]], attributes = map['org.springframework.test.context.web.ServletTestExecutionListener.activateListener' -> true, 'org.springframework.test.context.web.ServletTestExecutionListener.populatedRequestContextHolder' -> true, 'org.springframework.test.context.web.ServletTestExecutionListener.resetRequestContextHolder' -> true]]
2020-02-24 14:13:33.331  INFO 7116 --- [    Test worker] o.s.t.c.transaction.TransactionContext   : Began transaction (1) for test context [DefaultTestContext@34282bbc testClass = ControladorPeliculaTest, testInstance = com.ceiba.cinemax.infraestructura.controlador.ControladorPeliculaTest@55b9cf92, testMethod = listarPeliculaTest@ControladorPeliculaTest, testException = [null], mergedContextConfiguration = [WebMergedContextConfiguration@708b5046 testClass = ControladorPeliculaTest, locations = '{}', classes = '{class com.ceiba.cinemax.CinemaxApplication, class com.ceiba.cinemax.CinemaxApplication}', contextInitializerClasses = '[]', activeProfiles = '{}', propertySourceLocations = '{}', propertySourceProperties = '{org.springframework.boot.test.context.SpringBootTestContextBootstrapper=true}', contextCustomizers = set[org.springframework.boot.test.autoconfigure.properties.PropertyMappingContextCustomizer@4b3fa0b3, org.springframework.boot.test.autoconfigure.web.servlet.WebDriverContextCustomizerFactory$Customizer@7fe6cfdc, [ImportsContextCustomizer@3f94613 key = [org.springframework.boot.test.autoconfigure.web.servlet.MockMvcAutoConfiguration, org.springframework.boot.test.autoconfigure.web.servlet.MockMvcWebClientAutoConfiguration, org.springframework.boot.test.autoconfigure.web.servlet.MockMvcWebDriverAutoConfiguration, org.springframework.boot.autoconfigure.security.servlet.SecurityAutoConfiguration, org.springframework.boot.autoconfigure.security.servlet.UserDetailsServiceAutoConfiguration, org.springframework.boot.test.autoconfigure.web.servlet.MockMvcSecurityConfiguration]], org.springframework.boot.test.context.filter.ExcludeFilterContextCustomizer@7fd52b39, org.springframework.boot.test.json.DuplicateJsonObjectContextCustomizerFactory$DuplicateJsonObjectContextCustomizer@1c5e1537, org.springframework.boot.test.mock.mockito.MockitoContextCustomizer@0, org.springframework.boot.test.web.client.TestRestTemplateContextCustomizer@780d2328], resourceBasePath = 'src/main/webapp', contextLoader = 'org.springframework.boot.test.context.SpringBootContextLoader', parent = [null]], attributes = map['org.springframework.test.context.web.ServletTestExecutionListener.activateListener' -> true, 'org.springframework.test.context.web.ServletTestExecutionListener.populatedRequestContextHolder' -> true, 'org.springframework.test.context.web.ServletTestExecutionListener.resetRequestContextHolder' -> true]]; transaction manager [org.springframework.orm.jpa.JpaTransactionManager@261b0d16]; rollback [true]

MockHttpServletRequest:
      HTTP Method = GET
      Request URI = /pelicula
       Parameters = {}
          Headers = [Content-Type:"application/json;charset=UTF-8", Content-Length:"126"]
             Body = [{"nombre":"transformers","salaCine":{"numeroSalaCine":"1","capacidadSillas":200,"estadoSalaCine":true},"numeroSalaCine":"1"}]
    Session Attrs = {}

Handler:
             Type = com.ceiba.cinemax.infraestructura.controlador.ControladorPelicula
           Method = com.ceiba.cinemax.infraestructura.controlador.ControladorPelicula#listarPelicula()

Async:
    Async started = false
     Async result = null

Resolved Exception:
             Type = null

ModelAndView:
        View name = null
             View = null
            Model = null

FlashMap:
       Attributes = null

MockHttpServletResponse:
           Status = 200
    Error message = null
          Headers = [Content-Type:"application/json"]
     Content type = application/json
             Body = [{"idPelicula":null,"nombre":"transformers","salaCine":{"estadoSalaCine":true,"numeroSalaCine":"1","capacidadSillas":200},"numeroSalaCine":"1"}]
    Forwarded URL = null
   Redirected URL = null
          Cookies = []
2020-02-24 14:13:34.015  INFO 7116 --- [    Test worker] o.s.t.c.transaction.TransactionContext   : Rolled back transaction for test: [DefaultTestContext@34282bbc testClass = ControladorPeliculaTest, testInstance = com.ceiba.cinemax.infraestructura.controlador.ControladorPeliculaTest@55b9cf92, testMethod = listarPeliculaTest@ControladorPeliculaTest, testException = [null], mergedContextConfiguration = [WebMergedContextConfiguration@708b5046 testClass = ControladorPeliculaTest, locations = '{}', classes = '{class com.ceiba.cinemax.CinemaxApplication, class com.ceiba.cinemax.CinemaxApplication}', contextInitializerClasses = '[]', activeProfiles = '{}', propertySourceLocations = '{}', propertySourceProperties = '{org.springframework.boot.test.context.SpringBootTestContextBootstrapper=true}', contextCustomizers = set[org.springframework.boot.test.autoconfigure.properties.PropertyMappingContextCustomizer@4b3fa0b3, org.springframework.boot.test.autoconfigure.web.servlet.WebDriverContextCustomizerFactory$Customizer@7fe6cfdc, [ImportsContextCustomizer@3f94613 key = [org.springframework.boot.test.autoconfigure.web.servlet.MockMvcAutoConfiguration, org.springframework.boot.test.autoconfigure.web.servlet.MockMvcWebClientAutoConfiguration, org.springframework.boot.test.autoconfigure.web.servlet.MockMvcWebDriverAutoConfiguration, org.springframework.boot.autoconfigure.security.servlet.SecurityAutoConfiguration, org.springframework.boot.autoconfigure.security.servlet.UserDetailsServiceAutoConfiguration, org.springframework.boot.test.autoconfigure.web.servlet.MockMvcSecurityConfiguration]], org.springframework.boot.test.context.filter.ExcludeFilterContextCustomizer@7fd52b39, org.springframework.boot.test.json.DuplicateJsonObjectContextCustomizerFactory$DuplicateJsonObjectContextCustomizer@1c5e1537, org.springframework.boot.test.mock.mockito.MockitoContextCustomizer@0, org.springframework.boot.test.web.client.TestRestTemplateContextCustomizer@780d2328], resourceBasePath = 'src/main/webapp', contextLoader = 'org.springframework.boot.test.context.SpringBootContextLoader', parent = [null]], attributes = map['org.springframework.test.context.web.ServletTestExecutionListener.activateListener' -> true, 'org.springframework.test.context.web.ServletTestExecutionListener.populatedRequestContextHolder' -> true, 'org.springframework.test.context.web.ServletTestExecutionListener.resetRequestContextHolder' -> true]]
2020-02-24 14:13:34.019  INFO 7116 --- [    Test worker] o.s.t.c.transaction.TransactionContext   : Began transaction (1) for test context [DefaultTestContext@34282bbc testClass = ControladorPeliculaTest, testInstance = com.ceiba.cinemax.infraestructura.controlador.ControladorPeliculaTest@18d7b3e5, testMethod = crearPelicula@ControladorPeliculaTest, testException = [null], mergedContextConfiguration = [WebMergedContextConfiguration@708b5046 testClass = ControladorPeliculaTest, locations = '{}', classes = '{class com.ceiba.cinemax.CinemaxApplication, class com.ceiba.cinemax.CinemaxApplication}', contextInitializerClasses = '[]', activeProfiles = '{}', propertySourceLocations = '{}', propertySourceProperties = '{org.springframework.boot.test.context.SpringBootTestContextBootstrapper=true}', contextCustomizers = set[org.springframework.boot.test.autoconfigure.properties.PropertyMappingContextCustomizer@4b3fa0b3, org.springframework.boot.test.autoconfigure.web.servlet.WebDriverContextCustomizerFactory$Customizer@7fe6cfdc, [ImportsContextCustomizer@3f94613 key = [org.springframework.boot.test.autoconfigure.web.servlet.MockMvcAutoConfiguration, org.springframework.boot.test.autoconfigure.web.servlet.MockMvcWebClientAutoConfiguration, org.springframework.boot.test.autoconfigure.web.servlet.MockMvcWebDriverAutoConfiguration, org.springframework.boot.autoconfigure.security.servlet.SecurityAutoConfiguration, org.springframework.boot.autoconfigure.security.servlet.UserDetailsServiceAutoConfiguration, org.springframework.boot.test.autoconfigure.web.servlet.MockMvcSecurityConfiguration]], org.springframework.boot.test.context.filter.ExcludeFilterContextCustomizer@7fd52b39, org.springframework.boot.test.json.DuplicateJsonObjectContextCustomizerFactory$DuplicateJsonObjectContextCustomizer@1c5e1537, org.springframework.boot.test.mock.mockito.MockitoContextCustomizer@0, org.springframework.boot.test.web.client.TestRestTemplateContextCustomizer@780d2328], resourceBasePath = 'src/main/webapp', contextLoader = 'org.springframework.boot.test.context.SpringBootContextLoader', parent = [null]], attributes = map['org.springframework.test.context.web.ServletTestExecutionListener.activateListener' -> true, 'org.springframework.test.context.web.ServletTestExecutionListener.populatedRequestContextHolder' -> true, 'org.springframework.test.context.web.ServletTestExecutionListener.resetRequestContextHolder' -> true]]; transaction manager [org.springframework.orm.jpa.JpaTransactionManager@261b0d16]; rollback [true]

MockHttpServletRequest:
      HTTP Method = POST
      Request URI = /pelicula
       Parameters = {}
          Headers = [Content-Type:"application/json;charset=UTF-8", Accept:"application/json", Content-Length:"124"]
             Body = {"nombre":"TRANSFORMERS","salaCine":{"numeroSalaCine":"1","capacidadSillas":200,"estadoSalaCine":true},"numeroSalaCine":"1"}
    Session Attrs = {}

Handler:
             Type = com.ceiba.cinemax.infraestructura.controlador.ControladorPelicula
           Method = com.ceiba.cinemax.infraestructura.controlador.ControladorPelicula#guardarPelicula(ComandoPelicula)

Async:
    Async started = false
     Async result = null

Resolved Exception:
             Type = null

ModelAndView:
        View name = null
             View = null
            Model = null

FlashMap:
       Attributes = null

MockHttpServletResponse:
           Status = 200
    Error message = null
          Headers = []
     Content type = null
             Body = 
    Forwarded URL = null
   Redirected URL = null
          Cookies = []
2020-02-24 14:13:34.066  INFO 7116 --- [    Test worker] o.s.t.c.transaction.TransactionContext   : Rolled back transaction for test: [DefaultTestContext@34282bbc testClass = ControladorPeliculaTest, testInstance = com.ceiba.cinemax.infraestructura.controlador.ControladorPeliculaTest@18d7b3e5, testMethod = crearPelicula@ControladorPeliculaTest, testException = [null], mergedContextConfiguration = [WebMergedContextConfiguration@708b5046 testClass = ControladorPeliculaTest, locations = '{}', classes = '{class com.ceiba.cinemax.CinemaxApplication, class com.ceiba.cinemax.CinemaxApplication}', contextInitializerClasses = '[]', activeProfiles = '{}', propertySourceLocations = '{}', propertySourceProperties = '{org.springframework.boot.test.context.SpringBootTestContextBootstrapper=true}', contextCustomizers = set[org.springframework.boot.test.autoconfigure.properties.PropertyMappingContextCustomizer@4b3fa0b3, org.springframework.boot.test.autoconfigure.web.servlet.WebDriverContextCustomizerFactory$Customizer@7fe6cfdc, [ImportsContextCustomizer@3f94613 key = [org.springframework.boot.test.autoconfigure.web.servlet.MockMvcAutoConfiguration, org.springframework.boot.test.autoconfigure.web.servlet.MockMvcWebClientAutoConfiguration, org.springframework.boot.test.autoconfigure.web.servlet.MockMvcWebDriverAutoConfiguration, org.springframework.boot.autoconfigure.security.servlet.SecurityAutoConfiguration, org.springframework.boot.autoconfigure.security.servlet.UserDetailsServiceAutoConfiguration, org.springframework.boot.test.autoconfigure.web.servlet.MockMvcSecurityConfiguration]], org.springframework.boot.test.context.filter.ExcludeFilterContextCustomizer@7fd52b39, org.springframework.boot.test.json.DuplicateJsonObjectContextCustomizerFactory$DuplicateJsonObjectContextCustomizer@1c5e1537, org.springframework.boot.test.mock.mockito.MockitoContextCustomizer@0, org.springframework.boot.test.web.client.TestRestTemplateContextCustomizer@780d2328], resourceBasePath = 'src/main/webapp', contextLoader = 'org.springframework.boot.test.context.SpringBootContextLoader', parent = [null]], attributes = map['org.springframework.test.context.web.ServletTestExecutionListener.activateListener' -> true, 'org.springframework.test.context.web.ServletTestExecutionListener.populatedRequestContextHolder' -> true, 'org.springframework.test.context.web.ServletTestExecutionListener.resetRequestContextHolder' -> true]]
]]></system-out>
  <system-err><![CDATA[]]></system-err>
</testsuite>
