<?xml version="1.0" encoding="UTF-8"?>
<testsuite name="com.ceiba.cinemax.dominio.argumento.ValidadorArgumentoTest" tests="4" skipped="0" failures="0" errors="0" timestamp="2020-02-23T15:56:43" hostname="SANTIAGO-GARCIA" time="0.129">
  <properties/>
  <testcase name="validarFechaValidaTest()" classname="com.ceiba.cinemax.dominio.argumento.ValidadorArgumentoTest" time="0.101"/>
  <testcase name="validarCampoObligatrioTest()" classname="com.ceiba.cinemax.dominio.argumento.ValidadorArgumentoTest" time="0.003"/>
  <testcase name="validarCampoVacioTest()" classname="com.ceiba.cinemax.dominio.argumento.ValidadorArgumentoTest" time="0.002"/>
  <testcase name="validadorArgumentoCantidadPositivaTest()" classname="com.ceiba.cinemax.dominio.argumento.ValidadorArgumentoTest" time="0.007"/>
  <system-out><![CDATA[]]></system-out>
  <system-err><![CDATA[]]></system-err>
</testsuite>
