<?xml version="1.0" encoding="UTF-8"?>
<testsuite name="com.ceiba.cinemax.dominio.modelo.FacturaTest" tests="1" skipped="0" failures="0" errors="0" timestamp="2020-02-24T19:13:17" hostname="SANTIAGO-GARCIA" time="0.001">
  <properties/>
  <testcase name="funcionamientoGetterAndSetterDeFacturaTest()" classname="com.ceiba.cinemax.dominio.modelo.FacturaTest" time="0.001"/>
  <system-out><![CDATA[]]></system-out>
  <system-err><![CDATA[]]></system-err>
</testsuite>
