<?xml version="1.0" encoding="UTF-8"?>
<testsuite name="com.ceiba.cinemax.dominio.servicio.salacine.ServicioCrearSalaCineTest" tests="3" skipped="0" failures="0" errors="0" timestamp="2020-02-24T16:50:18" hostname="SANTIAGO-GARCIA" time="0.01">
  <properties/>
  <testcase name="ejecutarTest()" classname="com.ceiba.cinemax.dominio.servicio.salacine.ServicioCrearSalaCineTest" time="0.003"/>
  <testcase name="validarExistenciaDeSalaCineTest()" classname="com.ceiba.cinemax.dominio.servicio.salacine.ServicioCrearSalaCineTest" time="0.002"/>
  <testcase name="cambiarEstadoSalaCineTest()" classname="com.ceiba.cinemax.dominio.servicio.salacine.ServicioCrearSalaCineTest" time="0.002"/>
  <system-out><![CDATA[]]></system-out>
  <system-err><![CDATA[]]></system-err>
</testsuite>
