<?xml version="1.0" encoding="UTF-8"?>
<testsuite name="com.ceiba.cinemax.dominio.servicio.reserva.SercioDescuentoPagarReservaTest" tests="5" skipped="0" failures="0" errors="0" timestamp="2020-02-24T19:13:19" hostname="SANTIAGO-GARCIA" time="0.09">
  <properties/>
  <testcase name="ejecutarTest()" classname="com.ceiba.cinemax.dominio.servicio.reserva.SercioDescuentoPagarReservaTest" time="0.081"/>
  <testcase name="validarNoExistenciaDePeliculaTest()" classname="com.ceiba.cinemax.dominio.servicio.reserva.SercioDescuentoPagarReservaTest" time="0.002"/>
  <testcase name="valorReservaDiaNormalTest()" classname="com.ceiba.cinemax.dominio.servicio.reserva.SercioDescuentoPagarReservaTest" time="0.002"/>
  <testcase name="valorReservaDomingoTest()" classname="com.ceiba.cinemax.dominio.servicio.reserva.SercioDescuentoPagarReservaTest" time="0.002"/>
  <testcase name="valorReservaMartesMiercolestTest()" classname="com.ceiba.cinemax.dominio.servicio.reserva.SercioDescuentoPagarReservaTest" time="0.001"/>
  <system-out><![CDATA[]]></system-out>
  <system-err><![CDATA[]]></system-err>
</testsuite>
