<?xml version="1.0" encoding="UTF-8"?>
<testsuite name="com.ceiba.cinemax.infraestructura.controlador.ControladorPeliculaTest" tests="4" skipped="0" failures="0" errors="0" timestamp="2020-02-24T15:47:00" hostname="SANTIAGO-GARCIA" time="1.753">
  <properties/>
  <testcase name="crearPeliculaSinSala()" classname="com.ceiba.cinemax.infraestructura.controlador.ControladorPeliculaTest" time="0.885"/>
  <testcase name="crearPeliculaYaExistente()" classname="com.ceiba.cinemax.infraestructura.controlador.ControladorPeliculaTest" time="0.037"/>
  <testcase name="listarPeliculaTest()" classname="com.ceiba.cinemax.infraestructura.controlador.ControladorPeliculaTest" time="0.761"/>
  <testcase name="crearPelicula()" classname="com.ceiba.cinemax.infraestructura.controlador.ControladorPeliculaTest" time="0.055"/>
  <system-out><![CDATA[10:46:44.144 [Test worker] DEBUG org.springframework.test.context.BootstrapUtils - Instantiating CacheAwareContextLoaderDelegate from class [org.springframework.test.context.cache.DefaultCacheAwareContextLoaderDelegate]
10:46:44.188 [Test worker] DEBUG org.springframework.test.context.BootstrapUtils - Instantiating BootstrapContext using constructor [public org.springframework.test.context.support.DefaultBootstrapContext(java.lang.Class,org.springframework.test.context.CacheAwareContextLoaderDelegate)]
10:46:44.285 [Test worker] DEBUG org.springframework.test.context.BootstrapUtils - Instantiating TestContextBootstrapper for test class [com.ceiba.cinemax.infraestructura.controlador.ControladorPeliculaTest] from class [org.springframework.boot.test.context.SpringBootTestContextBootstrapper]
10:46:44.334 [Test worker] INFO org.springframework.boot.test.context.SpringBootTestContextBootstrapper - Neither @ContextConfiguration nor @ContextHierarchy found for test class [com.ceiba.cinemax.infraestructura.controlador.ControladorPeliculaTest], using SpringBootContextLoader
10:46:44.351 [Test worker] DEBUG org.springframework.test.context.support.AbstractContextLoader - Did not detect default resource location for test class [com.ceiba.cinemax.infraestructura.controlador.ControladorPeliculaTest]: class path resource [com/ceiba/cinemax/infraestructura/controlador/ControladorPeliculaTest-context.xml] does not exist
10:46:44.352 [Test worker] DEBUG org.springframework.test.context.support.AbstractContextLoader - Did not detect default resource location for test class [com.ceiba.cinemax.infraestructura.controlador.ControladorPeliculaTest]: class path resource [com/ceiba/cinemax/infraestructura/controlador/ControladorPeliculaTestContext.groovy] does not exist
10:46:44.353 [Test worker] INFO org.springframework.test.context.support.AbstractContextLoader - Could not detect default resource locations for test class [com.ceiba.cinemax.infraestructura.controlador.ControladorPeliculaTest]: no resource found for suffixes {-context.xml, Context.groovy}.
10:46:44.512 [Test worker] DEBUG org.springframework.test.context.support.ActiveProfilesUtils - Could not find an 'annotation declaring class' for annotation type [org.springframework.test.context.ActiveProfiles] and class [com.ceiba.cinemax.infraestructura.controlador.ControladorPeliculaTest]
10:46:44.890 [Test worker] DEBUG org.springframework.boot.test.context.SpringBootTestContextBootstrapper - @TestExecutionListeners is not present for class [com.ceiba.cinemax.infraestructura.controlador.ControladorPeliculaTest]: using defaults.
10:46:44.892 [Test worker] INFO org.springframework.boot.test.context.SpringBootTestContextBootstrapper - Loaded default TestExecutionListener class names from location [META-INF/spring.factories]: [org.springframework.boot.test.autoconfigure.restdocs.RestDocsTestExecutionListener, org.springframework.boot.test.autoconfigure.web.client.MockRestServiceServerResetTestExecutionListener, org.springframework.boot.test.autoconfigure.web.servlet.MockMvcPrintOnlyOnFailureTestExecutionListener, org.springframework.boot.test.autoconfigure.web.servlet.WebDriverTestExecutionListener, org.springframework.boot.test.mock.mockito.MockitoTestExecutionListener, org.springframework.boot.test.mock.mockito.ResetMocksTestExecutionListener, org.springframework.test.context.web.ServletTestExecutionListener, org.springframework.test.context.support.DirtiesContextBeforeModesTestExecutionListener, org.springframework.test.context.support.DependencyInjectionTestExecutionListener, org.springframework.test.context.support.DirtiesContextTestExecutionListener, org.springframework.test.context.transaction.TransactionalTestExecutionListener, org.springframework.test.context.jdbc.SqlScriptsTestExecutionListener, org.springframework.test.context.event.EventPublishingTestExecutionListener]
10:46:44.955 [Test worker] INFO org.springframework.boot.test.context.SpringBootTestContextBootstrapper - Using TestExecutionListeners: [org.springframework.test.context.web.ServletTestExecutionListener@410c2ba9, org.springframework.test.context.support.DirtiesContextBeforeModesTestExecutionListener@397c5cf9, org.springframework.boot.test.mock.mockito.MockitoTestExecutionListener@8b3130c, org.springframework.boot.test.autoconfigure.SpringBootDependencyInjectionTestExecutionListener@40201f2b, org.springframework.test.context.support.DirtiesContextTestExecutionListener@60d135e5, org.springframework.test.context.transaction.TransactionalTestExecutionListener@3b913692, org.springframework.test.context.jdbc.SqlScriptsTestExecutionListener@2b2a799f, org.springframework.test.context.event.EventPublishingTestExecutionListener@6b33e296, org.springframework.boot.test.autoconfigure.restdocs.RestDocsTestExecutionListener@2a49c08, org.springframework.boot.test.autoconfigure.web.client.MockRestServiceServerResetTestExecutionListener@30b31f68, org.springframework.boot.test.autoconfigure.web.servlet.MockMvcPrintOnlyOnFailureTestExecutionListener@482d7e60, org.springframework.boot.test.autoconfigure.web.servlet.WebDriverTestExecutionListener@3c7e02a1, org.springframework.boot.test.mock.mockito.ResetMocksTestExecutionListener@1a1c9dfa]
10:46:44.964 [Test worker] DEBUG org.springframework.test.context.support.AbstractDirtiesContextTestExecutionListener - Before test class: context [DefaultTestContext@594329c3 testClass = ControladorPeliculaTest, testInstance = [null], testMethod = [null], testException = [null], mergedContextConfiguration = [WebMergedContextConfiguration@219645f3 testClass = ControladorPeliculaTest, locations = '{}', classes = '{class com.ceiba.cinemax.CinemaxApplication, class com.ceiba.cinemax.CinemaxApplication}', contextInitializerClasses = '[]', activeProfiles = '{}', propertySourceLocations = '{}', propertySourceProperties = '{org.springframework.boot.test.context.SpringBootTestContextBootstrapper=true}', contextCustomizers = set[org.springframework.boot.test.autoconfigure.properties.PropertyMappingContextCustomizer@4b3fa0b3, org.springframework.boot.test.autoconfigure.web.servlet.WebDriverContextCustomizerFactory$Customizer@3883b9a8, [ImportsContextCustomizer@7b387e7d key = [org.springframework.boot.test.autoconfigure.web.servlet.MockMvcAutoConfiguration, org.springframework.boot.test.autoconfigure.web.servlet.MockMvcWebClientAutoConfiguration, org.springframework.boot.test.autoconfigure.web.servlet.MockMvcWebDriverAutoConfiguration, org.springframework.boot.autoconfigure.security.servlet.SecurityAutoConfiguration, org.springframework.boot.autoconfigure.security.servlet.UserDetailsServiceAutoConfiguration, org.springframework.boot.test.autoconfigure.web.servlet.MockMvcSecurityConfiguration]], org.springframework.boot.test.context.filter.ExcludeFilterContextCustomizer@2f6c06d3, org.springframework.boot.test.json.DuplicateJsonObjectContextCustomizerFactory$DuplicateJsonObjectContextCustomizer@cca5fa6, org.springframework.boot.test.mock.mockito.MockitoContextCustomizer@0, org.springframework.boot.test.web.client.TestRestTemplateContextCustomizer@56d5da32], resourceBasePath = 'src/main/webapp', contextLoader = 'org.springframework.boot.test.context.SpringBootContextLoader', parent = [null]], attributes = map['org.springframework.test.context.web.ServletTestExecutionListener.activateListener' -> true]], class annotated with @DirtiesContext [false] with mode [null].
10:46:45.051 [Test worker] DEBUG org.springframework.test.context.support.TestPropertySourceUtils - Adding inlined properties to environment: {spring.jmx.enabled=false, org.springframework.boot.test.context.SpringBootTestContextBootstrapper=true, server.port=-1}

  .   ____          _            __ _ _
 /\\ / ___'_ __ _ _(_)_ __  __ _ \ \ \ \
( ( )\___ | '_ | '_| | '_ \/ _` | \ \ \ \
 \\/  ___)| |_)| | | | | || (_| |  ) ) ) )
  '  |____| .__|_| |_|_| |_\__, | / / / /
 =========|_|==============|___/=/_/_/_/
 :: Spring Boot ::        (v2.2.4.RELEASE)

2020-02-24 10:46:46.296  INFO 4748 --- [    Test worker] c.c.c.i.c.ControladorPeliculaTest        : Starting ControladorPeliculaTest on SANTIAGO-GARCIA with PID 4748 (started by santiago.garcia in C:\Users\santiago.garcia\Desktop\proyectos\cinemax-service)
2020-02-24 10:46:46.299  INFO 4748 --- [    Test worker] c.c.c.i.c.ControladorPeliculaTest        : No active profile set, falling back to default profiles: default
2020-02-24 10:46:48.575  INFO 4748 --- [    Test worker] .s.d.r.c.RepositoryConfigurationDelegate : Bootstrapping Spring Data JPA repositories in DEFAULT mode.
2020-02-24 10:46:48.888  INFO 4748 --- [    Test worker] .s.d.r.c.RepositoryConfigurationDelegate : Finished Spring Data repository scanning in 278ms. Found 3 JPA repository interfaces.
2020-02-24 10:46:50.073  INFO 4748 --- [    Test worker] trationDelegate$BeanPostProcessorChecker : Bean 'org.springframework.transaction.annotation.ProxyTransactionManagementConfiguration' of type [org.springframework.transaction.annotation.ProxyTransactionManagementConfiguration] is not eligible for getting processed by all BeanPostProcessors (for example: not eligible for auto-proxying)
2020-02-24 10:46:50.657  INFO 4748 --- [    Test worker] com.zaxxer.hikari.HikariDataSource       : HikariPool-1 - Starting...
2020-02-24 10:46:51.617  INFO 4748 --- [    Test worker] com.zaxxer.hikari.HikariDataSource       : HikariPool-1 - Start completed.
2020-02-24 10:46:51.988  INFO 4748 --- [    Test worker] o.hibernate.jpa.internal.util.LogHelper  : HHH000204: Processing PersistenceUnitInfo [name: default]
2020-02-24 10:46:52.374  INFO 4748 --- [    Test worker] org.hibernate.Version                    : HHH000412: Hibernate Core {5.4.10.Final}
2020-02-24 10:46:52.542  INFO 4748 --- [    Test worker] o.hibernate.annotations.common.Version   : HCANN000001: Hibernate Commons Annotations {5.1.0.Final}
2020-02-24 10:46:53.174  INFO 4748 --- [    Test worker] org.hibernate.dialect.Dialect            : HHH000400: Using dialect: org.hibernate.dialect.H2Dialect
2020-02-24 10:46:55.576  INFO 4748 --- [    Test worker] o.h.e.t.j.p.i.JtaPlatformInitiator       : HHH000490: Using JtaPlatform implementation: [org.hibernate.engine.transaction.jta.platform.internal.NoJtaPlatform]
2020-02-24 10:46:55.603  INFO 4748 --- [    Test worker] j.LocalContainerEntityManagerFactoryBean : Initialized JPA EntityManagerFactory for persistence unit 'default'
2020-02-24 10:46:58.050  WARN 4748 --- [    Test worker] JpaBaseConfiguration$JpaWebConfiguration : spring.jpa.open-in-view is enabled by default. Therefore, database queries may be performed during view rendering. Explicitly configure spring.jpa.open-in-view to disable this warning
2020-02-24 10:46:58.891  INFO 4748 --- [    Test worker] o.s.s.concurrent.ThreadPoolTaskExecutor  : Initializing ExecutorService 'applicationTaskExecutor'
2020-02-24 10:47:00.112  INFO 4748 --- [    Test worker] o.s.b.t.m.w.SpringBootMockServletContext : Initializing Spring TestDispatcherServlet ''
2020-02-24 10:47:00.113  INFO 4748 --- [    Test worker] o.s.t.web.servlet.TestDispatcherServlet  : Initializing Servlet ''
2020-02-24 10:47:00.167  INFO 4748 --- [    Test worker] o.s.t.web.servlet.TestDispatcherServlet  : Completed initialization in 54 ms
2020-02-24 10:47:00.206  INFO 4748 --- [    Test worker] c.c.c.i.c.ControladorPeliculaTest        : Started ControladorPeliculaTest in 15.117 seconds (JVM running for 22.563)
2020-02-24 10:47:00.297  INFO 4748 --- [    Test worker] o.s.t.c.transaction.TransactionContext   : Began transaction (1) for test context [DefaultTestContext@594329c3 testClass = ControladorPeliculaTest, testInstance = com.ceiba.cinemax.infraestructura.controlador.ControladorPeliculaTest@35a629d5, testMethod = crearPeliculaSinSala@ControladorPeliculaTest, testException = [null], mergedContextConfiguration = [WebMergedContextConfiguration@219645f3 testClass = ControladorPeliculaTest, locations = '{}', classes = '{class com.ceiba.cinemax.CinemaxApplication, class com.ceiba.cinemax.CinemaxApplication}', contextInitializerClasses = '[]', activeProfiles = '{}', propertySourceLocations = '{}', propertySourceProperties = '{org.springframework.boot.test.context.SpringBootTestContextBootstrapper=true}', contextCustomizers = set[org.springframework.boot.test.autoconfigure.properties.PropertyMappingContextCustomizer@4b3fa0b3, org.springframework.boot.test.autoconfigure.web.servlet.WebDriverContextCustomizerFactory$Customizer@3883b9a8, [ImportsContextCustomizer@7b387e7d key = [org.springframework.boot.test.autoconfigure.web.servlet.MockMvcAutoConfiguration, org.springframework.boot.test.autoconfigure.web.servlet.MockMvcWebClientAutoConfiguration, org.springframework.boot.test.autoconfigure.web.servlet.MockMvcWebDriverAutoConfiguration, org.springframework.boot.autoconfigure.security.servlet.SecurityAutoConfiguration, org.springframework.boot.autoconfigure.security.servlet.UserDetailsServiceAutoConfiguration, org.springframework.boot.test.autoconfigure.web.servlet.MockMvcSecurityConfiguration]], org.springframework.boot.test.context.filter.ExcludeFilterContextCustomizer@2f6c06d3, org.springframework.boot.test.json.DuplicateJsonObjectContextCustomizerFactory$DuplicateJsonObjectContextCustomizer@cca5fa6, org.springframework.boot.test.mock.mockito.MockitoContextCustomizer@0, org.springframework.boot.test.web.client.TestRestTemplateContextCustomizer@56d5da32], resourceBasePath = 'src/main/webapp', contextLoader = 'org.springframework.boot.test.context.SpringBootContextLoader', parent = [null]], attributes = map['org.springframework.test.context.web.ServletTestExecutionListener.activateListener' -> true, 'org.springframework.test.context.web.ServletTestExecutionListener.populatedRequestContextHolder' -> true, 'org.springframework.test.context.web.ServletTestExecutionListener.resetRequestContextHolder' -> true]]; transaction manager [org.springframework.orm.jpa.JpaTransactionManager@60294363]; rollback [true]

MockHttpServletRequest:
      HTTP Method = POST
      Request URI = /pelicula
       Parameters = {}
          Headers = [Content-Type:"application/json;charset=UTF-8", Accept:"application/json", Content-Length:"124"]
             Body = {"nombre":"TRANSFORMERS","salaCine":{"numeroSalaCine":"1","capacidadSillas":200,"estadoSalaCine":true},"numeroSalaCine":"1"}
    Session Attrs = {}

Handler:
             Type = com.ceiba.cinemax.infraestructura.controlador.ControladorPelicula
           Method = com.ceiba.cinemax.infraestructura.controlador.ControladorPelicula#guardarPelicula(ComandoPelicula)

Async:
    Async started = false
     Async result = null

Resolved Exception:
             Type = com.ceiba.cinemax.dominio.excepcion.ExcepcionExistenciaSalaCine

ModelAndView:
        View name = null
             View = null
            Model = null

FlashMap:
       Attributes = null

MockHttpServletResponse:
           Status = 400
    Error message = null
          Headers = [Content-Type:"application/json"]
     Content type = application/json
             Body = {"nombreExcepcion":"ExcepcionExistenciaSalaCine","mensajeExcepcion":"la sala de cine no existe"}
    Forwarded URL = null
   Redirected URL = null
          Cookies = []
2020-02-24 10:47:01.149  INFO 4748 --- [    Test worker] o.s.t.c.transaction.TransactionContext   : Rolled back transaction for test: [DefaultTestContext@594329c3 testClass = ControladorPeliculaTest, testInstance = com.ceiba.cinemax.infraestructura.controlador.ControladorPeliculaTest@35a629d5, testMethod = crearPeliculaSinSala@ControladorPeliculaTest, testException = [null], mergedContextConfiguration = [WebMergedContextConfiguration@219645f3 testClass = ControladorPeliculaTest, locations = '{}', classes = '{class com.ceiba.cinemax.CinemaxApplication, class com.ceiba.cinemax.CinemaxApplication}', contextInitializerClasses = '[]', activeProfiles = '{}', propertySourceLocations = '{}', propertySourceProperties = '{org.springframework.boot.test.context.SpringBootTestContextBootstrapper=true}', contextCustomizers = set[org.springframework.boot.test.autoconfigure.properties.PropertyMappingContextCustomizer@4b3fa0b3, org.springframework.boot.test.autoconfigure.web.servlet.WebDriverContextCustomizerFactory$Customizer@3883b9a8, [ImportsContextCustomizer@7b387e7d key = [org.springframework.boot.test.autoconfigure.web.servlet.MockMvcAutoConfiguration, org.springframework.boot.test.autoconfigure.web.servlet.MockMvcWebClientAutoConfiguration, org.springframework.boot.test.autoconfigure.web.servlet.MockMvcWebDriverAutoConfiguration, org.springframework.boot.autoconfigure.security.servlet.SecurityAutoConfiguration, org.springframework.boot.autoconfigure.security.servlet.UserDetailsServiceAutoConfiguration, org.springframework.boot.test.autoconfigure.web.servlet.MockMvcSecurityConfiguration]], org.springframework.boot.test.context.filter.ExcludeFilterContextCustomizer@2f6c06d3, org.springframework.boot.test.json.DuplicateJsonObjectContextCustomizerFactory$DuplicateJsonObjectContextCustomizer@cca5fa6, org.springframework.boot.test.mock.mockito.MockitoContextCustomizer@0, org.springframework.boot.test.web.client.TestRestTemplateContextCustomizer@56d5da32], resourceBasePath = 'src/main/webapp', contextLoader = 'org.springframework.boot.test.context.SpringBootContextLoader', parent = [null]], attributes = map['org.springframework.test.context.web.ServletTestExecutionListener.activateListener' -> true, 'org.springframework.test.context.web.ServletTestExecutionListener.populatedRequestContextHolder' -> true, 'org.springframework.test.context.web.ServletTestExecutionListener.resetRequestContextHolder' -> true]]
2020-02-24 10:47:01.154  INFO 4748 --- [    Test worker] o.s.t.c.transaction.TransactionContext   : Began transaction (1) for test context [DefaultTestContext@594329c3 testClass = ControladorPeliculaTest, testInstance = com.ceiba.cinemax.infraestructura.controlador.ControladorPeliculaTest@65dae867, testMethod = crearPeliculaYaExistente@ControladorPeliculaTest, testException = [null], mergedContextConfiguration = [WebMergedContextConfiguration@219645f3 testClass = ControladorPeliculaTest, locations = '{}', classes = '{class com.ceiba.cinemax.CinemaxApplication, class com.ceiba.cinemax.CinemaxApplication}', contextInitializerClasses = '[]', activeProfiles = '{}', propertySourceLocations = '{}', propertySourceProperties = '{org.springframework.boot.test.context.SpringBootTestContextBootstrapper=true}', contextCustomizers = set[org.springframework.boot.test.autoconfigure.properties.PropertyMappingContextCustomizer@4b3fa0b3, org.springframework.boot.test.autoconfigure.web.servlet.WebDriverContextCustomizerFactory$Customizer@3883b9a8, [ImportsContextCustomizer@7b387e7d key = [org.springframework.boot.test.autoconfigure.web.servlet.MockMvcAutoConfiguration, org.springframework.boot.test.autoconfigure.web.servlet.MockMvcWebClientAutoConfiguration, org.springframework.boot.test.autoconfigure.web.servlet.MockMvcWebDriverAutoConfiguration, org.springframework.boot.autoconfigure.security.servlet.SecurityAutoConfiguration, org.springframework.boot.autoconfigure.security.servlet.UserDetailsServiceAutoConfiguration, org.springframework.boot.test.autoconfigure.web.servlet.MockMvcSecurityConfiguration]], org.springframework.boot.test.context.filter.ExcludeFilterContextCustomizer@2f6c06d3, org.springframework.boot.test.json.DuplicateJsonObjectContextCustomizerFactory$DuplicateJsonObjectContextCustomizer@cca5fa6, org.springframework.boot.test.mock.mockito.MockitoContextCustomizer@0, org.springframework.boot.test.web.client.TestRestTemplateContextCustomizer@56d5da32], resourceBasePath = 'src/main/webapp', contextLoader = 'org.springframework.boot.test.context.SpringBootContextLoader', parent = [null]], attributes = map['org.springframework.test.context.web.ServletTestExecutionListener.activateListener' -> true, 'org.springframework.test.context.web.ServletTestExecutionListener.populatedRequestContextHolder' -> true, 'org.springframework.test.context.web.ServletTestExecutionListener.resetRequestContextHolder' -> true]]; transaction manager [org.springframework.orm.jpa.JpaTransactionManager@60294363]; rollback [true]

MockHttpServletRequest:
      HTTP Method = POST
      Request URI = /pelicula
       Parameters = {}
          Headers = [Content-Type:"application/json;charset=UTF-8", Accept:"application/json", Content-Length:"124"]
             Body = {"nombre":"Transformers","salaCine":{"numeroSalaCine":"3","capacidadSillas":300,"estadoSalaCine":true},"numeroSalaCine":"1"}
    Session Attrs = {}

Handler:
             Type = com.ceiba.cinemax.infraestructura.controlador.ControladorPelicula
           Method = com.ceiba.cinemax.infraestructura.controlador.ControladorPelicula#guardarPelicula(ComandoPelicula)

Async:
    Async started = false
     Async result = null

Resolved Exception:
             Type = com.ceiba.cinemax.dominio.excepcion.ExcepcionExistenciaSalaCine

ModelAndView:
        View name = null
             View = null
            Model = null

FlashMap:
       Attributes = null

MockHttpServletResponse:
           Status = 400
    Error message = null
          Headers = [Content-Type:"application/json"]
     Content type = application/json
             Body = {"nombreExcepcion":"ExcepcionExistenciaSalaCine","mensajeExcepcion":"la sala de cine no existe"}
    Forwarded URL = null
   Redirected URL = null
          Cookies = []
2020-02-24 10:47:01.187  INFO 4748 --- [    Test worker] o.s.t.c.transaction.TransactionContext   : Rolled back transaction for test: [DefaultTestContext@594329c3 testClass = ControladorPeliculaTest, testInstance = com.ceiba.cinemax.infraestructura.controlador.ControladorPeliculaTest@65dae867, testMethod = crearPeliculaYaExistente@ControladorPeliculaTest, testException = [null], mergedContextConfiguration = [WebMergedContextConfiguration@219645f3 testClass = ControladorPeliculaTest, locations = '{}', classes = '{class com.ceiba.cinemax.CinemaxApplication, class com.ceiba.cinemax.CinemaxApplication}', contextInitializerClasses = '[]', activeProfiles = '{}', propertySourceLocations = '{}', propertySourceProperties = '{org.springframework.boot.test.context.SpringBootTestContextBootstrapper=true}', contextCustomizers = set[org.springframework.boot.test.autoconfigure.properties.PropertyMappingContextCustomizer@4b3fa0b3, org.springframework.boot.test.autoconfigure.web.servlet.WebDriverContextCustomizerFactory$Customizer@3883b9a8, [ImportsContextCustomizer@7b387e7d key = [org.springframework.boot.test.autoconfigure.web.servlet.MockMvcAutoConfiguration, org.springframework.boot.test.autoconfigure.web.servlet.MockMvcWebClientAutoConfiguration, org.springframework.boot.test.autoconfigure.web.servlet.MockMvcWebDriverAutoConfiguration, org.springframework.boot.autoconfigure.security.servlet.SecurityAutoConfiguration, org.springframework.boot.autoconfigure.security.servlet.UserDetailsServiceAutoConfiguration, org.springframework.boot.test.autoconfigure.web.servlet.MockMvcSecurityConfiguration]], org.springframework.boot.test.context.filter.ExcludeFilterContextCustomizer@2f6c06d3, org.springframework.boot.test.json.DuplicateJsonObjectContextCustomizerFactory$DuplicateJsonObjectContextCustomizer@cca5fa6, org.springframework.boot.test.mock.mockito.MockitoContextCustomizer@0, org.springframework.boot.test.web.client.TestRestTemplateContextCustomizer@56d5da32], resourceBasePath = 'src/main/webapp', contextLoader = 'org.springframework.boot.test.context.SpringBootContextLoader', parent = [null]], attributes = map['org.springframework.test.context.web.ServletTestExecutionListener.activateListener' -> true, 'org.springframework.test.context.web.ServletTestExecutionListener.populatedRequestContextHolder' -> true, 'org.springframework.test.context.web.ServletTestExecutionListener.resetRequestContextHolder' -> true]]
2020-02-24 10:47:01.205  INFO 4748 --- [    Test worker] o.s.t.c.transaction.TransactionContext   : Began transaction (1) for test context [DefaultTestContext@594329c3 testClass = ControladorPeliculaTest, testInstance = com.ceiba.cinemax.infraestructura.controlador.ControladorPeliculaTest@ea3b1a4, testMethod = listarPeliculaTest@ControladorPeliculaTest, testException = [null], mergedContextConfiguration = [WebMergedContextConfiguration@219645f3 testClass = ControladorPeliculaTest, locations = '{}', classes = '{class com.ceiba.cinemax.CinemaxApplication, class com.ceiba.cinemax.CinemaxApplication}', contextInitializerClasses = '[]', activeProfiles = '{}', propertySourceLocations = '{}', propertySourceProperties = '{org.springframework.boot.test.context.SpringBootTestContextBootstrapper=true}', contextCustomizers = set[org.springframework.boot.test.autoconfigure.properties.PropertyMappingContextCustomizer@4b3fa0b3, org.springframework.boot.test.autoconfigure.web.servlet.WebDriverContextCustomizerFactory$Customizer@3883b9a8, [ImportsContextCustomizer@7b387e7d key = [org.springframework.boot.test.autoconfigure.web.servlet.MockMvcAutoConfiguration, org.springframework.boot.test.autoconfigure.web.servlet.MockMvcWebClientAutoConfiguration, org.springframework.boot.test.autoconfigure.web.servlet.MockMvcWebDriverAutoConfiguration, org.springframework.boot.autoconfigure.security.servlet.SecurityAutoConfiguration, org.springframework.boot.autoconfigure.security.servlet.UserDetailsServiceAutoConfiguration, org.springframework.boot.test.autoconfigure.web.servlet.MockMvcSecurityConfiguration]], org.springframework.boot.test.context.filter.ExcludeFilterContextCustomizer@2f6c06d3, org.springframework.boot.test.json.DuplicateJsonObjectContextCustomizerFactory$DuplicateJsonObjectContextCustomizer@cca5fa6, org.springframework.boot.test.mock.mockito.MockitoContextCustomizer@0, org.springframework.boot.test.web.client.TestRestTemplateContextCustomizer@56d5da32], resourceBasePath = 'src/main/webapp', contextLoader = 'org.springframework.boot.test.context.SpringBootContextLoader', parent = [null]], attributes = map['org.springframework.test.context.web.ServletTestExecutionListener.activateListener' -> true, 'org.springframework.test.context.web.ServletTestExecutionListener.populatedRequestContextHolder' -> true, 'org.springframework.test.context.web.ServletTestExecutionListener.resetRequestContextHolder' -> true]]; transaction manager [org.springframework.orm.jpa.JpaTransactionManager@60294363]; rollback [true]

MockHttpServletRequest:
      HTTP Method = GET
      Request URI = /pelicula
       Parameters = {}
          Headers = [Content-Type:"application/json;charset=UTF-8", Content-Length:"126"]
             Body = [{"nombre":"transformers","salaCine":{"numeroSalaCine":"1","capacidadSillas":200,"estadoSalaCine":true},"numeroSalaCine":"1"}]
    Session Attrs = {}

Handler:
             Type = com.ceiba.cinemax.infraestructura.controlador.ControladorPelicula
           Method = com.ceiba.cinemax.infraestructura.controlador.ControladorPelicula#listarPelicula()

Async:
    Async started = false
     Async result = null

Resolved Exception:
             Type = null

ModelAndView:
        View name = null
             View = null
            Model = null

FlashMap:
       Attributes = null

MockHttpServletResponse:
           Status = 200
    Error message = null
          Headers = [Content-Type:"application/json"]
     Content type = application/json
             Body = [{"idPelicula":null,"nombre":"transformers","salaCine":{"estadoSalaCine":true,"numeroSalaCine":"1","capacidadSillas":200},"numeroSalaCine":"1"}]
    Forwarded URL = null
   Redirected URL = null
          Cookies = []
2020-02-24 10:47:01.960  INFO 4748 --- [    Test worker] o.s.t.c.transaction.TransactionContext   : Rolled back transaction for test: [DefaultTestContext@594329c3 testClass = ControladorPeliculaTest, testInstance = com.ceiba.cinemax.infraestructura.controlador.ControladorPeliculaTest@ea3b1a4, testMethod = listarPeliculaTest@ControladorPeliculaTest, testException = [null], mergedContextConfiguration = [WebMergedContextConfiguration@219645f3 testClass = ControladorPeliculaTest, locations = '{}', classes = '{class com.ceiba.cinemax.CinemaxApplication, class com.ceiba.cinemax.CinemaxApplication}', contextInitializerClasses = '[]', activeProfiles = '{}', propertySourceLocations = '{}', propertySourceProperties = '{org.springframework.boot.test.context.SpringBootTestContextBootstrapper=true}', contextCustomizers = set[org.springframework.boot.test.autoconfigure.properties.PropertyMappingContextCustomizer@4b3fa0b3, org.springframework.boot.test.autoconfigure.web.servlet.WebDriverContextCustomizerFactory$Customizer@3883b9a8, [ImportsContextCustomizer@7b387e7d key = [org.springframework.boot.test.autoconfigure.web.servlet.MockMvcAutoConfiguration, org.springframework.boot.test.autoconfigure.web.servlet.MockMvcWebClientAutoConfiguration, org.springframework.boot.test.autoconfigure.web.servlet.MockMvcWebDriverAutoConfiguration, org.springframework.boot.autoconfigure.security.servlet.SecurityAutoConfiguration, org.springframework.boot.autoconfigure.security.servlet.UserDetailsServiceAutoConfiguration, org.springframework.boot.test.autoconfigure.web.servlet.MockMvcSecurityConfiguration]], org.springframework.boot.test.context.filter.ExcludeFilterContextCustomizer@2f6c06d3, org.springframework.boot.test.json.DuplicateJsonObjectContextCustomizerFactory$DuplicateJsonObjectContextCustomizer@cca5fa6, org.springframework.boot.test.mock.mockito.MockitoContextCustomizer@0, org.springframework.boot.test.web.client.TestRestTemplateContextCustomizer@56d5da32], resourceBasePath = 'src/main/webapp', contextLoader = 'org.springframework.boot.test.context.SpringBootContextLoader', parent = [null]], attributes = map['org.springframework.test.context.web.ServletTestExecutionListener.activateListener' -> true, 'org.springframework.test.context.web.ServletTestExecutionListener.populatedRequestContextHolder' -> true, 'org.springframework.test.context.web.ServletTestExecutionListener.resetRequestContextHolder' -> true]]
2020-02-24 10:47:01.967  INFO 4748 --- [    Test worker] o.s.t.c.transaction.TransactionContext   : Began transaction (1) for test context [DefaultTestContext@594329c3 testClass = ControladorPeliculaTest, testInstance = com.ceiba.cinemax.infraestructura.controlador.ControladorPeliculaTest@3885cca2, testMethod = crearPelicula@ControladorPeliculaTest, testException = [null], mergedContextConfiguration = [WebMergedContextConfiguration@219645f3 testClass = ControladorPeliculaTest, locations = '{}', classes = '{class com.ceiba.cinemax.CinemaxApplication, class com.ceiba.cinemax.CinemaxApplication}', contextInitializerClasses = '[]', activeProfiles = '{}', propertySourceLocations = '{}', propertySourceProperties = '{org.springframework.boot.test.context.SpringBootTestContextBootstrapper=true}', contextCustomizers = set[org.springframework.boot.test.autoconfigure.properties.PropertyMappingContextCustomizer@4b3fa0b3, org.springframework.boot.test.autoconfigure.web.servlet.WebDriverContextCustomizerFactory$Customizer@3883b9a8, [ImportsContextCustomizer@7b387e7d key = [org.springframework.boot.test.autoconfigure.web.servlet.MockMvcAutoConfiguration, org.springframework.boot.test.autoconfigure.web.servlet.MockMvcWebClientAutoConfiguration, org.springframework.boot.test.autoconfigure.web.servlet.MockMvcWebDriverAutoConfiguration, org.springframework.boot.autoconfigure.security.servlet.SecurityAutoConfiguration, org.springframework.boot.autoconfigure.security.servlet.UserDetailsServiceAutoConfiguration, org.springframework.boot.test.autoconfigure.web.servlet.MockMvcSecurityConfiguration]], org.springframework.boot.test.context.filter.ExcludeFilterContextCustomizer@2f6c06d3, org.springframework.boot.test.json.DuplicateJsonObjectContextCustomizerFactory$DuplicateJsonObjectContextCustomizer@cca5fa6, org.springframework.boot.test.mock.mockito.MockitoContextCustomizer@0, org.springframework.boot.test.web.client.TestRestTemplateContextCustomizer@56d5da32], resourceBasePath = 'src/main/webapp', contextLoader = 'org.springframework.boot.test.context.SpringBootContextLoader', parent = [null]], attributes = map['org.springframework.test.context.web.ServletTestExecutionListener.activateListener' -> true, 'org.springframework.test.context.web.ServletTestExecutionListener.populatedRequestContextHolder' -> true, 'org.springframework.test.context.web.ServletTestExecutionListener.resetRequestContextHolder' -> true]]; transaction manager [org.springframework.orm.jpa.JpaTransactionManager@60294363]; rollback [true]

MockHttpServletRequest:
      HTTP Method = POST
      Request URI = /pelicula
       Parameters = {}
          Headers = [Content-Type:"application/json;charset=UTF-8", Accept:"application/json", Content-Length:"124"]
             Body = {"nombre":"TRANSFORMERS","salaCine":{"numeroSalaCine":"1","capacidadSillas":200,"estadoSalaCine":true},"numeroSalaCine":"1"}
    Session Attrs = {}

Handler:
             Type = com.ceiba.cinemax.infraestructura.controlador.ControladorPelicula
           Method = com.ceiba.cinemax.infraestructura.controlador.ControladorPelicula#guardarPelicula(ComandoPelicula)

Async:
    Async started = false
     Async result = null

Resolved Exception:
             Type = null

ModelAndView:
        View name = null
             View = null
            Model = null

FlashMap:
       Attributes = null

MockHttpServletResponse:
           Status = 200
    Error message = null
          Headers = []
     Content type = null
             Body = 
    Forwarded URL = null
   Redirected URL = null
          Cookies = []
2020-02-24 10:47:02.017  INFO 4748 --- [    Test worker] o.s.t.c.transaction.TransactionContext   : Rolled back transaction for test: [DefaultTestContext@594329c3 testClass = ControladorPeliculaTest, testInstance = com.ceiba.cinemax.infraestructura.controlador.ControladorPeliculaTest@3885cca2, testMethod = crearPelicula@ControladorPeliculaTest, testException = [null], mergedContextConfiguration = [WebMergedContextConfiguration@219645f3 testClass = ControladorPeliculaTest, locations = '{}', classes = '{class com.ceiba.cinemax.CinemaxApplication, class com.ceiba.cinemax.CinemaxApplication}', contextInitializerClasses = '[]', activeProfiles = '{}', propertySourceLocations = '{}', propertySourceProperties = '{org.springframework.boot.test.context.SpringBootTestContextBootstrapper=true}', contextCustomizers = set[org.springframework.boot.test.autoconfigure.properties.PropertyMappingContextCustomizer@4b3fa0b3, org.springframework.boot.test.autoconfigure.web.servlet.WebDriverContextCustomizerFactory$Customizer@3883b9a8, [ImportsContextCustomizer@7b387e7d key = [org.springframework.boot.test.autoconfigure.web.servlet.MockMvcAutoConfiguration, org.springframework.boot.test.autoconfigure.web.servlet.MockMvcWebClientAutoConfiguration, org.springframework.boot.test.autoconfigure.web.servlet.MockMvcWebDriverAutoConfiguration, org.springframework.boot.autoconfigure.security.servlet.SecurityAutoConfiguration, org.springframework.boot.autoconfigure.security.servlet.UserDetailsServiceAutoConfiguration, org.springframework.boot.test.autoconfigure.web.servlet.MockMvcSecurityConfiguration]], org.springframework.boot.test.context.filter.ExcludeFilterContextCustomizer@2f6c06d3, org.springframework.boot.test.json.DuplicateJsonObjectContextCustomizerFactory$DuplicateJsonObjectContextCustomizer@cca5fa6, org.springframework.boot.test.mock.mockito.MockitoContextCustomizer@0, org.springframework.boot.test.web.client.TestRestTemplateContextCustomizer@56d5da32], resourceBasePath = 'src/main/webapp', contextLoader = 'org.springframework.boot.test.context.SpringBootContextLoader', parent = [null]], attributes = map['org.springframework.test.context.web.ServletTestExecutionListener.activateListener' -> true, 'org.springframework.test.context.web.ServletTestExecutionListener.populatedRequestContextHolder' -> true, 'org.springframework.test.context.web.ServletTestExecutionListener.resetRequestContextHolder' -> true]]
]]></system-out>
  <system-err><![CDATA[]]></system-err>
</testsuite>
