<?xml version="1.0" encoding="UTF-8"?>
<testsuite name="com.ceiba.cinemax.infraestructura.controlador.ControladorPeliculaTest" tests="4" skipped="0" failures="0" errors="0" timestamp="2020-02-24T16:50:32" hostname="SANTIAGO-GARCIA" time="1.519">
  <properties/>
  <testcase name="crearPeliculaSinSala()" classname="com.ceiba.cinemax.infraestructura.controlador.ControladorPeliculaTest" time="0.731"/>
  <testcase name="crearPeliculaYaExistente()" classname="com.ceiba.cinemax.infraestructura.controlador.ControladorPeliculaTest" time="0.022"/>
  <testcase name="listarPeliculaTest()" classname="com.ceiba.cinemax.infraestructura.controlador.ControladorPeliculaTest" time="0.722"/>
  <testcase name="crearPelicula()" classname="com.ceiba.cinemax.infraestructura.controlador.ControladorPeliculaTest" time="0.036"/>
  <system-out><![CDATA[11:50:18.515 [Test worker] DEBUG org.springframework.test.context.BootstrapUtils - Instantiating CacheAwareContextLoaderDelegate from class [org.springframework.test.context.cache.DefaultCacheAwareContextLoaderDelegate]
11:50:18.563 [Test worker] DEBUG org.springframework.test.context.BootstrapUtils - Instantiating BootstrapContext using constructor [public org.springframework.test.context.support.DefaultBootstrapContext(java.lang.Class,org.springframework.test.context.CacheAwareContextLoaderDelegate)]
11:50:18.676 [Test worker] DEBUG org.springframework.test.context.BootstrapUtils - Instantiating TestContextBootstrapper for test class [com.ceiba.cinemax.infraestructura.controlador.ControladorPeliculaTest] from class [org.springframework.boot.test.context.SpringBootTestContextBootstrapper]
11:50:18.725 [Test worker] INFO org.springframework.boot.test.context.SpringBootTestContextBootstrapper - Neither @ContextConfiguration nor @ContextHierarchy found for test class [com.ceiba.cinemax.infraestructura.controlador.ControladorPeliculaTest], using SpringBootContextLoader
11:50:18.739 [Test worker] DEBUG org.springframework.test.context.support.AbstractContextLoader - Did not detect default resource location for test class [com.ceiba.cinemax.infraestructura.controlador.ControladorPeliculaTest]: class path resource [com/ceiba/cinemax/infraestructura/controlador/ControladorPeliculaTest-context.xml] does not exist
11:50:18.740 [Test worker] DEBUG org.springframework.test.context.support.AbstractContextLoader - Did not detect default resource location for test class [com.ceiba.cinemax.infraestructura.controlador.ControladorPeliculaTest]: class path resource [com/ceiba/cinemax/infraestructura/controlador/ControladorPeliculaTestContext.groovy] does not exist
11:50:18.743 [Test worker] INFO org.springframework.test.context.support.AbstractContextLoader - Could not detect default resource locations for test class [com.ceiba.cinemax.infraestructura.controlador.ControladorPeliculaTest]: no resource found for suffixes {-context.xml, Context.groovy}.
11:50:18.903 [Test worker] DEBUG org.springframework.test.context.support.ActiveProfilesUtils - Could not find an 'annotation declaring class' for annotation type [org.springframework.test.context.ActiveProfiles] and class [com.ceiba.cinemax.infraestructura.controlador.ControladorPeliculaTest]
11:50:19.215 [Test worker] DEBUG org.springframework.boot.test.context.SpringBootTestContextBootstrapper - @TestExecutionListeners is not present for class [com.ceiba.cinemax.infraestructura.controlador.ControladorPeliculaTest]: using defaults.
11:50:19.216 [Test worker] INFO org.springframework.boot.test.context.SpringBootTestContextBootstrapper - Loaded default TestExecutionListener class names from location [META-INF/spring.factories]: [org.springframework.boot.test.autoconfigure.restdocs.RestDocsTestExecutionListener, org.springframework.boot.test.autoconfigure.web.client.MockRestServiceServerResetTestExecutionListener, org.springframework.boot.test.autoconfigure.web.servlet.MockMvcPrintOnlyOnFailureTestExecutionListener, org.springframework.boot.test.autoconfigure.web.servlet.WebDriverTestExecutionListener, org.springframework.boot.test.mock.mockito.MockitoTestExecutionListener, org.springframework.boot.test.mock.mockito.ResetMocksTestExecutionListener, org.springframework.test.context.web.ServletTestExecutionListener, org.springframework.test.context.support.DirtiesContextBeforeModesTestExecutionListener, org.springframework.test.context.support.DependencyInjectionTestExecutionListener, org.springframework.test.context.support.DirtiesContextTestExecutionListener, org.springframework.test.context.transaction.TransactionalTestExecutionListener, org.springframework.test.context.jdbc.SqlScriptsTestExecutionListener, org.springframework.test.context.event.EventPublishingTestExecutionListener]
11:50:19.272 [Test worker] INFO org.springframework.boot.test.context.SpringBootTestContextBootstrapper - Using TestExecutionListeners: [org.springframework.test.context.web.ServletTestExecutionListener@1bcce298, org.springframework.test.context.support.DirtiesContextBeforeModesTestExecutionListener@11fabaf1, org.springframework.boot.test.mock.mockito.MockitoTestExecutionListener@6742b237, org.springframework.boot.test.autoconfigure.SpringBootDependencyInjectionTestExecutionListener@7a6b88ed, org.springframework.test.context.support.DirtiesContextTestExecutionListener@6cf6d1a, org.springframework.test.context.transaction.TransactionalTestExecutionListener@42266200, org.springframework.test.context.jdbc.SqlScriptsTestExecutionListener@3087b379, org.springframework.test.context.event.EventPublishingTestExecutionListener@160d7964, org.springframework.boot.test.autoconfigure.restdocs.RestDocsTestExecutionListener@6b577102, org.springframework.boot.test.autoconfigure.web.client.MockRestServiceServerResetTestExecutionListener@1a10280a, org.springframework.boot.test.autoconfigure.web.servlet.MockMvcPrintOnlyOnFailureTestExecutionListener@17014c4a, org.springframework.boot.test.autoconfigure.web.servlet.WebDriverTestExecutionListener@6a3ad197, org.springframework.boot.test.mock.mockito.ResetMocksTestExecutionListener@3a3572b3]
11:50:19.282 [Test worker] DEBUG org.springframework.test.context.support.AbstractDirtiesContextTestExecutionListener - Before test class: context [DefaultTestContext@6c0344c3 testClass = ControladorPeliculaTest, testInstance = [null], testMethod = [null], testException = [null], mergedContextConfiguration = [WebMergedContextConfiguration@7cf8061a testClass = ControladorPeliculaTest, locations = '{}', classes = '{class com.ceiba.cinemax.CinemaxApplication, class com.ceiba.cinemax.CinemaxApplication}', contextInitializerClasses = '[]', activeProfiles = '{}', propertySourceLocations = '{}', propertySourceProperties = '{org.springframework.boot.test.context.SpringBootTestContextBootstrapper=true}', contextCustomizers = set[org.springframework.boot.test.autoconfigure.properties.PropertyMappingContextCustomizer@4b3fa0b3, org.springframework.boot.test.autoconfigure.web.servlet.WebDriverContextCustomizerFactory$Customizer@6f3e565, [ImportsContextCustomizer@63a3a0ea key = [org.springframework.boot.test.autoconfigure.web.servlet.MockMvcAutoConfiguration, org.springframework.boot.test.autoconfigure.web.servlet.MockMvcWebClientAutoConfiguration, org.springframework.boot.test.autoconfigure.web.servlet.MockMvcWebDriverAutoConfiguration, org.springframework.boot.autoconfigure.security.servlet.SecurityAutoConfiguration, org.springframework.boot.autoconfigure.security.servlet.UserDetailsServiceAutoConfiguration, org.springframework.boot.test.autoconfigure.web.servlet.MockMvcSecurityConfiguration]], org.springframework.boot.test.context.filter.ExcludeFilterContextCustomizer@65cbd628, org.springframework.boot.test.json.DuplicateJsonObjectContextCustomizerFactory$DuplicateJsonObjectContextCustomizer@226898b1, org.springframework.boot.test.mock.mockito.MockitoContextCustomizer@0, org.springframework.boot.test.web.client.TestRestTemplateContextCustomizer@1a2e788f], resourceBasePath = 'src/main/webapp', contextLoader = 'org.springframework.boot.test.context.SpringBootContextLoader', parent = [null]], attributes = map['org.springframework.test.context.web.ServletTestExecutionListener.activateListener' -> true]], class annotated with @DirtiesContext [false] with mode [null].
11:50:19.366 [Test worker] DEBUG org.springframework.test.context.support.TestPropertySourceUtils - Adding inlined properties to environment: {spring.jmx.enabled=false, org.springframework.boot.test.context.SpringBootTestContextBootstrapper=true, server.port=-1}

  .   ____          _            __ _ _
 /\\ / ___'_ __ _ _(_)_ __  __ _ \ \ \ \
( ( )\___ | '_ | '_| | '_ \/ _` | \ \ \ \
 \\/  ___)| |_)| | | | | || (_| |  ) ) ) )
  '  |____| .__|_| |_|_| |_\__, | / / / /
 =========|_|==============|___/=/_/_/_/
 :: Spring Boot ::        (v2.2.4.RELEASE)

2020-02-24 11:50:20.305  INFO 6640 --- [    Test worker] c.c.c.i.c.ControladorPeliculaTest        : Starting ControladorPeliculaTest on SANTIAGO-GARCIA with PID 6640 (started by santiago.garcia in C:\Users\santiago.garcia\Desktop\proyectos\cinemax-service)
2020-02-24 11:50:20.309  INFO 6640 --- [    Test worker] c.c.c.i.c.ControladorPeliculaTest        : No active profile set, falling back to default profiles: default
2020-02-24 11:50:22.496  INFO 6640 --- [    Test worker] .s.d.r.c.RepositoryConfigurationDelegate : Bootstrapping Spring Data JPA repositories in DEFAULT mode.
2020-02-24 11:50:22.816  INFO 6640 --- [    Test worker] .s.d.r.c.RepositoryConfigurationDelegate : Finished Spring Data repository scanning in 291ms. Found 3 JPA repository interfaces.
2020-02-24 11:50:23.963  INFO 6640 --- [    Test worker] trationDelegate$BeanPostProcessorChecker : Bean 'org.springframework.transaction.annotation.ProxyTransactionManagementConfiguration' of type [org.springframework.transaction.annotation.ProxyTransactionManagementConfiguration] is not eligible for getting processed by all BeanPostProcessors (for example: not eligible for auto-proxying)
2020-02-24 11:50:24.463  INFO 6640 --- [    Test worker] com.zaxxer.hikari.HikariDataSource       : HikariPool-1 - Starting...
2020-02-24 11:50:25.265  INFO 6640 --- [    Test worker] com.zaxxer.hikari.HikariDataSource       : HikariPool-1 - Start completed.
2020-02-24 11:50:25.532  INFO 6640 --- [    Test worker] o.hibernate.jpa.internal.util.LogHelper  : HHH000204: Processing PersistenceUnitInfo [name: default]
2020-02-24 11:50:25.807  INFO 6640 --- [    Test worker] org.hibernate.Version                    : HHH000412: Hibernate Core {5.4.10.Final}
2020-02-24 11:50:25.948  INFO 6640 --- [    Test worker] o.hibernate.annotations.common.Version   : HCANN000001: Hibernate Commons Annotations {5.1.0.Final}
2020-02-24 11:50:26.433  INFO 6640 --- [    Test worker] org.hibernate.dialect.Dialect            : HHH000400: Using dialect: org.hibernate.dialect.H2Dialect
2020-02-24 11:50:28.841  INFO 6640 --- [    Test worker] o.h.e.t.j.p.i.JtaPlatformInitiator       : HHH000490: Using JtaPlatform implementation: [org.hibernate.engine.transaction.jta.platform.internal.NoJtaPlatform]
2020-02-24 11:50:28.867  INFO 6640 --- [    Test worker] j.LocalContainerEntityManagerFactoryBean : Initialized JPA EntityManagerFactory for persistence unit 'default'
2020-02-24 11:50:30.659  WARN 6640 --- [    Test worker] JpaBaseConfiguration$JpaWebConfiguration : spring.jpa.open-in-view is enabled by default. Therefore, database queries may be performed during view rendering. Explicitly configure spring.jpa.open-in-view to disable this warning
2020-02-24 11:50:31.252  INFO 6640 --- [    Test worker] o.s.s.concurrent.ThreadPoolTaskExecutor  : Initializing ExecutorService 'applicationTaskExecutor'
2020-02-24 11:50:32.145  INFO 6640 --- [    Test worker] o.s.b.t.m.w.SpringBootMockServletContext : Initializing Spring TestDispatcherServlet ''
2020-02-24 11:50:32.146  INFO 6640 --- [    Test worker] o.s.t.web.servlet.TestDispatcherServlet  : Initializing Servlet ''
2020-02-24 11:50:32.181  INFO 6640 --- [    Test worker] o.s.t.web.servlet.TestDispatcherServlet  : Completed initialization in 35 ms
2020-02-24 11:50:32.217  INFO 6640 --- [    Test worker] c.c.c.i.c.ControladorPeliculaTest        : Started ControladorPeliculaTest in 12.821 seconds (JVM running for 20.092)
2020-02-24 11:50:32.291  INFO 6640 --- [    Test worker] o.s.t.c.transaction.TransactionContext   : Began transaction (1) for test context [DefaultTestContext@6c0344c3 testClass = ControladorPeliculaTest, testInstance = com.ceiba.cinemax.infraestructura.controlador.ControladorPeliculaTest@4586e79, testMethod = crearPeliculaSinSala@ControladorPeliculaTest, testException = [null], mergedContextConfiguration = [WebMergedContextConfiguration@7cf8061a testClass = ControladorPeliculaTest, locations = '{}', classes = '{class com.ceiba.cinemax.CinemaxApplication, class com.ceiba.cinemax.CinemaxApplication}', contextInitializerClasses = '[]', activeProfiles = '{}', propertySourceLocations = '{}', propertySourceProperties = '{org.springframework.boot.test.context.SpringBootTestContextBootstrapper=true}', contextCustomizers = set[org.springframework.boot.test.autoconfigure.properties.PropertyMappingContextCustomizer@4b3fa0b3, org.springframework.boot.test.autoconfigure.web.servlet.WebDriverContextCustomizerFactory$Customizer@6f3e565, [ImportsContextCustomizer@63a3a0ea key = [org.springframework.boot.test.autoconfigure.web.servlet.MockMvcAutoConfiguration, org.springframework.boot.test.autoconfigure.web.servlet.MockMvcWebClientAutoConfiguration, org.springframework.boot.test.autoconfigure.web.servlet.MockMvcWebDriverAutoConfiguration, org.springframework.boot.autoconfigure.security.servlet.SecurityAutoConfiguration, org.springframework.boot.autoconfigure.security.servlet.UserDetailsServiceAutoConfiguration, org.springframework.boot.test.autoconfigure.web.servlet.MockMvcSecurityConfiguration]], org.springframework.boot.test.context.filter.ExcludeFilterContextCustomizer@65cbd628, org.springframework.boot.test.json.DuplicateJsonObjectContextCustomizerFactory$DuplicateJsonObjectContextCustomizer@226898b1, org.springframework.boot.test.mock.mockito.MockitoContextCustomizer@0, org.springframework.boot.test.web.client.TestRestTemplateContextCustomizer@1a2e788f], resourceBasePath = 'src/main/webapp', contextLoader = 'org.springframework.boot.test.context.SpringBootContextLoader', parent = [null]], attributes = map['org.springframework.test.context.web.ServletTestExecutionListener.activateListener' -> true, 'org.springframework.test.context.web.ServletTestExecutionListener.populatedRequestContextHolder' -> true, 'org.springframework.test.context.web.ServletTestExecutionListener.resetRequestContextHolder' -> true]]; transaction manager [org.springframework.orm.jpa.JpaTransactionManager@9a5fd65]; rollback [true]

MockHttpServletRequest:
      HTTP Method = POST
      Request URI = /pelicula
       Parameters = {}
          Headers = [Content-Type:"application/json;charset=UTF-8", Accept:"application/json", Content-Length:"124"]
             Body = {"nombre":"TRANSFORMERS","salaCine":{"numeroSalaCine":"1","capacidadSillas":200,"estadoSalaCine":true},"numeroSalaCine":"1"}
    Session Attrs = {}

Handler:
             Type = com.ceiba.cinemax.infraestructura.controlador.ControladorPelicula
           Method = com.ceiba.cinemax.infraestructura.controlador.ControladorPelicula#guardarPelicula(ComandoPelicula)

Async:
    Async started = false
     Async result = null

Resolved Exception:
             Type = com.ceiba.cinemax.dominio.excepcion.ExcepcionExistenciaSalaCine

ModelAndView:
        View name = null
             View = null
            Model = null

FlashMap:
       Attributes = null

MockHttpServletResponse:
           Status = 400
    Error message = null
          Headers = [Content-Type:"application/json"]
     Content type = application/json
             Body = {"nombreExcepcion":"ExcepcionExistenciaSalaCine","mensajeExcepcion":"la sala de cine no existe"}
    Forwarded URL = null
   Redirected URL = null
          Cookies = []
2020-02-24 11:50:32.992  INFO 6640 --- [    Test worker] o.s.t.c.transaction.TransactionContext   : Rolled back transaction for test: [DefaultTestContext@6c0344c3 testClass = ControladorPeliculaTest, testInstance = com.ceiba.cinemax.infraestructura.controlador.ControladorPeliculaTest@4586e79, testMethod = crearPeliculaSinSala@ControladorPeliculaTest, testException = [null], mergedContextConfiguration = [WebMergedContextConfiguration@7cf8061a testClass = ControladorPeliculaTest, locations = '{}', classes = '{class com.ceiba.cinemax.CinemaxApplication, class com.ceiba.cinemax.CinemaxApplication}', contextInitializerClasses = '[]', activeProfiles = '{}', propertySourceLocations = '{}', propertySourceProperties = '{org.springframework.boot.test.context.SpringBootTestContextBootstrapper=true}', contextCustomizers = set[org.springframework.boot.test.autoconfigure.properties.PropertyMappingContextCustomizer@4b3fa0b3, org.springframework.boot.test.autoconfigure.web.servlet.WebDriverContextCustomizerFactory$Customizer@6f3e565, [ImportsContextCustomizer@63a3a0ea key = [org.springframework.boot.test.autoconfigure.web.servlet.MockMvcAutoConfiguration, org.springframework.boot.test.autoconfigure.web.servlet.MockMvcWebClientAutoConfiguration, org.springframework.boot.test.autoconfigure.web.servlet.MockMvcWebDriverAutoConfiguration, org.springframework.boot.autoconfigure.security.servlet.SecurityAutoConfiguration, org.springframework.boot.autoconfigure.security.servlet.UserDetailsServiceAutoConfiguration, org.springframework.boot.test.autoconfigure.web.servlet.MockMvcSecurityConfiguration]], org.springframework.boot.test.context.filter.ExcludeFilterContextCustomizer@65cbd628, org.springframework.boot.test.json.DuplicateJsonObjectContextCustomizerFactory$DuplicateJsonObjectContextCustomizer@226898b1, org.springframework.boot.test.mock.mockito.MockitoContextCustomizer@0, org.springframework.boot.test.web.client.TestRestTemplateContextCustomizer@1a2e788f], resourceBasePath = 'src/main/webapp', contextLoader = 'org.springframework.boot.test.context.SpringBootContextLoader', parent = [null]], attributes = map['org.springframework.test.context.web.ServletTestExecutionListener.activateListener' -> true, 'org.springframework.test.context.web.ServletTestExecutionListener.populatedRequestContextHolder' -> true, 'org.springframework.test.context.web.ServletTestExecutionListener.resetRequestContextHolder' -> true]]
2020-02-24 11:50:32.997  INFO 6640 --- [    Test worker] o.s.t.c.transaction.TransactionContext   : Began transaction (1) for test context [DefaultTestContext@6c0344c3 testClass = ControladorPeliculaTest, testInstance = com.ceiba.cinemax.infraestructura.controlador.ControladorPeliculaTest@245eb24f, testMethod = crearPeliculaYaExistente@ControladorPeliculaTest, testException = [null], mergedContextConfiguration = [WebMergedContextConfiguration@7cf8061a testClass = ControladorPeliculaTest, locations = '{}', classes = '{class com.ceiba.cinemax.CinemaxApplication, class com.ceiba.cinemax.CinemaxApplication}', contextInitializerClasses = '[]', activeProfiles = '{}', propertySourceLocations = '{}', propertySourceProperties = '{org.springframework.boot.test.context.SpringBootTestContextBootstrapper=true}', contextCustomizers = set[org.springframework.boot.test.autoconfigure.properties.PropertyMappingContextCustomizer@4b3fa0b3, org.springframework.boot.test.autoconfigure.web.servlet.WebDriverContextCustomizerFactory$Customizer@6f3e565, [ImportsContextCustomizer@63a3a0ea key = [org.springframework.boot.test.autoconfigure.web.servlet.MockMvcAutoConfiguration, org.springframework.boot.test.autoconfigure.web.servlet.MockMvcWebClientAutoConfiguration, org.springframework.boot.test.autoconfigure.web.servlet.MockMvcWebDriverAutoConfiguration, org.springframework.boot.autoconfigure.security.servlet.SecurityAutoConfiguration, org.springframework.boot.autoconfigure.security.servlet.UserDetailsServiceAutoConfiguration, org.springframework.boot.test.autoconfigure.web.servlet.MockMvcSecurityConfiguration]], org.springframework.boot.test.context.filter.ExcludeFilterContextCustomizer@65cbd628, org.springframework.boot.test.json.DuplicateJsonObjectContextCustomizerFactory$DuplicateJsonObjectContextCustomizer@226898b1, org.springframework.boot.test.mock.mockito.MockitoContextCustomizer@0, org.springframework.boot.test.web.client.TestRestTemplateContextCustomizer@1a2e788f], resourceBasePath = 'src/main/webapp', contextLoader = 'org.springframework.boot.test.context.SpringBootContextLoader', parent = [null]], attributes = map['org.springframework.test.context.web.ServletTestExecutionListener.activateListener' -> true, 'org.springframework.test.context.web.ServletTestExecutionListener.populatedRequestContextHolder' -> true, 'org.springframework.test.context.web.ServletTestExecutionListener.resetRequestContextHolder' -> true]]; transaction manager [org.springframework.orm.jpa.JpaTransactionManager@9a5fd65]; rollback [true]

MockHttpServletRequest:
      HTTP Method = POST
      Request URI = /pelicula
       Parameters = {}
          Headers = [Content-Type:"application/json;charset=UTF-8", Accept:"application/json", Content-Length:"124"]
             Body = {"nombre":"Transformers","salaCine":{"numeroSalaCine":"3","capacidadSillas":300,"estadoSalaCine":true},"numeroSalaCine":"1"}
    Session Attrs = {}

Handler:
             Type = com.ceiba.cinemax.infraestructura.controlador.ControladorPelicula
           Method = com.ceiba.cinemax.infraestructura.controlador.ControladorPelicula#guardarPelicula(ComandoPelicula)

Async:
    Async started = false
     Async result = null

Resolved Exception:
             Type = com.ceiba.cinemax.dominio.excepcion.ExcepcionExistenciaSalaCine

ModelAndView:
        View name = null
             View = null
            Model = null

FlashMap:
       Attributes = null

MockHttpServletResponse:
           Status = 400
    Error message = null
          Headers = [Content-Type:"application/json"]
     Content type = application/json
             Body = {"nombreExcepcion":"ExcepcionExistenciaSalaCine","mensajeExcepcion":"la sala de cine no existe"}
    Forwarded URL = null
   Redirected URL = null
          Cookies = []
2020-02-24 11:50:33.018  INFO 6640 --- [    Test worker] o.s.t.c.transaction.TransactionContext   : Rolled back transaction for test: [DefaultTestContext@6c0344c3 testClass = ControladorPeliculaTest, testInstance = com.ceiba.cinemax.infraestructura.controlador.ControladorPeliculaTest@245eb24f, testMethod = crearPeliculaYaExistente@ControladorPeliculaTest, testException = [null], mergedContextConfiguration = [WebMergedContextConfiguration@7cf8061a testClass = ControladorPeliculaTest, locations = '{}', classes = '{class com.ceiba.cinemax.CinemaxApplication, class com.ceiba.cinemax.CinemaxApplication}', contextInitializerClasses = '[]', activeProfiles = '{}', propertySourceLocations = '{}', propertySourceProperties = '{org.springframework.boot.test.context.SpringBootTestContextBootstrapper=true}', contextCustomizers = set[org.springframework.boot.test.autoconfigure.properties.PropertyMappingContextCustomizer@4b3fa0b3, org.springframework.boot.test.autoconfigure.web.servlet.WebDriverContextCustomizerFactory$Customizer@6f3e565, [ImportsContextCustomizer@63a3a0ea key = [org.springframework.boot.test.autoconfigure.web.servlet.MockMvcAutoConfiguration, org.springframework.boot.test.autoconfigure.web.servlet.MockMvcWebClientAutoConfiguration, org.springframework.boot.test.autoconfigure.web.servlet.MockMvcWebDriverAutoConfiguration, org.springframework.boot.autoconfigure.security.servlet.SecurityAutoConfiguration, org.springframework.boot.autoconfigure.security.servlet.UserDetailsServiceAutoConfiguration, org.springframework.boot.test.autoconfigure.web.servlet.MockMvcSecurityConfiguration]], org.springframework.boot.test.context.filter.ExcludeFilterContextCustomizer@65cbd628, org.springframework.boot.test.json.DuplicateJsonObjectContextCustomizerFactory$DuplicateJsonObjectContextCustomizer@226898b1, org.springframework.boot.test.mock.mockito.MockitoContextCustomizer@0, org.springframework.boot.test.web.client.TestRestTemplateContextCustomizer@1a2e788f], resourceBasePath = 'src/main/webapp', contextLoader = 'org.springframework.boot.test.context.SpringBootContextLoader', parent = [null]], attributes = map['org.springframework.test.context.web.ServletTestExecutionListener.activateListener' -> true, 'org.springframework.test.context.web.ServletTestExecutionListener.populatedRequestContextHolder' -> true, 'org.springframework.test.context.web.ServletTestExecutionListener.resetRequestContextHolder' -> true]]
2020-02-24 11:50:33.021  INFO 6640 --- [    Test worker] o.s.t.c.transaction.TransactionContext   : Began transaction (1) for test context [DefaultTestContext@6c0344c3 testClass = ControladorPeliculaTest, testInstance = com.ceiba.cinemax.infraestructura.controlador.ControladorPeliculaTest@72b2deb9, testMethod = listarPeliculaTest@ControladorPeliculaTest, testException = [null], mergedContextConfiguration = [WebMergedContextConfiguration@7cf8061a testClass = ControladorPeliculaTest, locations = '{}', classes = '{class com.ceiba.cinemax.CinemaxApplication, class com.ceiba.cinemax.CinemaxApplication}', contextInitializerClasses = '[]', activeProfiles = '{}', propertySourceLocations = '{}', propertySourceProperties = '{org.springframework.boot.test.context.SpringBootTestContextBootstrapper=true}', contextCustomizers = set[org.springframework.boot.test.autoconfigure.properties.PropertyMappingContextCustomizer@4b3fa0b3, org.springframework.boot.test.autoconfigure.web.servlet.WebDriverContextCustomizerFactory$Customizer@6f3e565, [ImportsContextCustomizer@63a3a0ea key = [org.springframework.boot.test.autoconfigure.web.servlet.MockMvcAutoConfiguration, org.springframework.boot.test.autoconfigure.web.servlet.MockMvcWebClientAutoConfiguration, org.springframework.boot.test.autoconfigure.web.servlet.MockMvcWebDriverAutoConfiguration, org.springframework.boot.autoconfigure.security.servlet.SecurityAutoConfiguration, org.springframework.boot.autoconfigure.security.servlet.UserDetailsServiceAutoConfiguration, org.springframework.boot.test.autoconfigure.web.servlet.MockMvcSecurityConfiguration]], org.springframework.boot.test.context.filter.ExcludeFilterContextCustomizer@65cbd628, org.springframework.boot.test.json.DuplicateJsonObjectContextCustomizerFactory$DuplicateJsonObjectContextCustomizer@226898b1, org.springframework.boot.test.mock.mockito.MockitoContextCustomizer@0, org.springframework.boot.test.web.client.TestRestTemplateContextCustomizer@1a2e788f], resourceBasePath = 'src/main/webapp', contextLoader = 'org.springframework.boot.test.context.SpringBootContextLoader', parent = [null]], attributes = map['org.springframework.test.context.web.ServletTestExecutionListener.activateListener' -> true, 'org.springframework.test.context.web.ServletTestExecutionListener.populatedRequestContextHolder' -> true, 'org.springframework.test.context.web.ServletTestExecutionListener.resetRequestContextHolder' -> true]]; transaction manager [org.springframework.orm.jpa.JpaTransactionManager@9a5fd65]; rollback [true]

MockHttpServletRequest:
      HTTP Method = GET
      Request URI = /pelicula
       Parameters = {}
          Headers = [Content-Type:"application/json;charset=UTF-8", Content-Length:"126"]
             Body = [{"nombre":"transformers","salaCine":{"numeroSalaCine":"1","capacidadSillas":200,"estadoSalaCine":true},"numeroSalaCine":"1"}]
    Session Attrs = {}

Handler:
             Type = com.ceiba.cinemax.infraestructura.controlador.ControladorPelicula
           Method = com.ceiba.cinemax.infraestructura.controlador.ControladorPelicula#listarPelicula()

Async:
    Async started = false
     Async result = null

Resolved Exception:
             Type = null

ModelAndView:
        View name = null
             View = null
            Model = null

FlashMap:
       Attributes = null

MockHttpServletResponse:
           Status = 200
    Error message = null
          Headers = [Content-Type:"application/json"]
     Content type = application/json
             Body = [{"idPelicula":null,"nombre":"transformers","salaCine":{"estadoSalaCine":true,"numeroSalaCine":"1","capacidadSillas":200},"numeroSalaCine":"1"}]
    Forwarded URL = null
   Redirected URL = null
          Cookies = []
2020-02-24 11:50:33.741  INFO 6640 --- [    Test worker] o.s.t.c.transaction.TransactionContext   : Rolled back transaction for test: [DefaultTestContext@6c0344c3 testClass = ControladorPeliculaTest, testInstance = com.ceiba.cinemax.infraestructura.controlador.ControladorPeliculaTest@72b2deb9, testMethod = listarPeliculaTest@ControladorPeliculaTest, testException = [null], mergedContextConfiguration = [WebMergedContextConfiguration@7cf8061a testClass = ControladorPeliculaTest, locations = '{}', classes = '{class com.ceiba.cinemax.CinemaxApplication, class com.ceiba.cinemax.CinemaxApplication}', contextInitializerClasses = '[]', activeProfiles = '{}', propertySourceLocations = '{}', propertySourceProperties = '{org.springframework.boot.test.context.SpringBootTestContextBootstrapper=true}', contextCustomizers = set[org.springframework.boot.test.autoconfigure.properties.PropertyMappingContextCustomizer@4b3fa0b3, org.springframework.boot.test.autoconfigure.web.servlet.WebDriverContextCustomizerFactory$Customizer@6f3e565, [ImportsContextCustomizer@63a3a0ea key = [org.springframework.boot.test.autoconfigure.web.servlet.MockMvcAutoConfiguration, org.springframework.boot.test.autoconfigure.web.servlet.MockMvcWebClientAutoConfiguration, org.springframework.boot.test.autoconfigure.web.servlet.MockMvcWebDriverAutoConfiguration, org.springframework.boot.autoconfigure.security.servlet.SecurityAutoConfiguration, org.springframework.boot.autoconfigure.security.servlet.UserDetailsServiceAutoConfiguration, org.springframework.boot.test.autoconfigure.web.servlet.MockMvcSecurityConfiguration]], org.springframework.boot.test.context.filter.ExcludeFilterContextCustomizer@65cbd628, org.springframework.boot.test.json.DuplicateJsonObjectContextCustomizerFactory$DuplicateJsonObjectContextCustomizer@226898b1, org.springframework.boot.test.mock.mockito.MockitoContextCustomizer@0, org.springframework.boot.test.web.client.TestRestTemplateContextCustomizer@1a2e788f], resourceBasePath = 'src/main/webapp', contextLoader = 'org.springframework.boot.test.context.SpringBootContextLoader', parent = [null]], attributes = map['org.springframework.test.context.web.ServletTestExecutionListener.activateListener' -> true, 'org.springframework.test.context.web.ServletTestExecutionListener.populatedRequestContextHolder' -> true, 'org.springframework.test.context.web.ServletTestExecutionListener.resetRequestContextHolder' -> true]]
2020-02-24 11:50:33.747  INFO 6640 --- [    Test worker] o.s.t.c.transaction.TransactionContext   : Began transaction (1) for test context [DefaultTestContext@6c0344c3 testClass = ControladorPeliculaTest, testInstance = com.ceiba.cinemax.infraestructura.controlador.ControladorPeliculaTest@4af53529, testMethod = crearPelicula@ControladorPeliculaTest, testException = [null], mergedContextConfiguration = [WebMergedContextConfiguration@7cf8061a testClass = ControladorPeliculaTest, locations = '{}', classes = '{class com.ceiba.cinemax.CinemaxApplication, class com.ceiba.cinemax.CinemaxApplication}', contextInitializerClasses = '[]', activeProfiles = '{}', propertySourceLocations = '{}', propertySourceProperties = '{org.springframework.boot.test.context.SpringBootTestContextBootstrapper=true}', contextCustomizers = set[org.springframework.boot.test.autoconfigure.properties.PropertyMappingContextCustomizer@4b3fa0b3, org.springframework.boot.test.autoconfigure.web.servlet.WebDriverContextCustomizerFactory$Customizer@6f3e565, [ImportsContextCustomizer@63a3a0ea key = [org.springframework.boot.test.autoconfigure.web.servlet.MockMvcAutoConfiguration, org.springframework.boot.test.autoconfigure.web.servlet.MockMvcWebClientAutoConfiguration, org.springframework.boot.test.autoconfigure.web.servlet.MockMvcWebDriverAutoConfiguration, org.springframework.boot.autoconfigure.security.servlet.SecurityAutoConfiguration, org.springframework.boot.autoconfigure.security.servlet.UserDetailsServiceAutoConfiguration, org.springframework.boot.test.autoconfigure.web.servlet.MockMvcSecurityConfiguration]], org.springframework.boot.test.context.filter.ExcludeFilterContextCustomizer@65cbd628, org.springframework.boot.test.json.DuplicateJsonObjectContextCustomizerFactory$DuplicateJsonObjectContextCustomizer@226898b1, org.springframework.boot.test.mock.mockito.MockitoContextCustomizer@0, org.springframework.boot.test.web.client.TestRestTemplateContextCustomizer@1a2e788f], resourceBasePath = 'src/main/webapp', contextLoader = 'org.springframework.boot.test.context.SpringBootContextLoader', parent = [null]], attributes = map['org.springframework.test.context.web.ServletTestExecutionListener.activateListener' -> true, 'org.springframework.test.context.web.ServletTestExecutionListener.populatedRequestContextHolder' -> true, 'org.springframework.test.context.web.ServletTestExecutionListener.resetRequestContextHolder' -> true]]; transaction manager [org.springframework.orm.jpa.JpaTransactionManager@9a5fd65]; rollback [true]

MockHttpServletRequest:
      HTTP Method = POST
      Request URI = /pelicula
       Parameters = {}
          Headers = [Content-Type:"application/json;charset=UTF-8", Accept:"application/json", Content-Length:"124"]
             Body = {"nombre":"TRANSFORMERS","salaCine":{"numeroSalaCine":"1","capacidadSillas":200,"estadoSalaCine":true},"numeroSalaCine":"1"}
    Session Attrs = {}

Handler:
             Type = com.ceiba.cinemax.infraestructura.controlador.ControladorPelicula
           Method = com.ceiba.cinemax.infraestructura.controlador.ControladorPelicula#guardarPelicula(ComandoPelicula)

Async:
    Async started = false
     Async result = null

Resolved Exception:
             Type = null

ModelAndView:
        View name = null
             View = null
            Model = null

FlashMap:
       Attributes = null

MockHttpServletResponse:
           Status = 200
    Error message = null
          Headers = []
     Content type = null
             Body = 
    Forwarded URL = null
   Redirected URL = null
          Cookies = []
2020-02-24 11:50:33.779  INFO 6640 --- [    Test worker] o.s.t.c.transaction.TransactionContext   : Rolled back transaction for test: [DefaultTestContext@6c0344c3 testClass = ControladorPeliculaTest, testInstance = com.ceiba.cinemax.infraestructura.controlador.ControladorPeliculaTest@4af53529, testMethod = crearPelicula@ControladorPeliculaTest, testException = [null], mergedContextConfiguration = [WebMergedContextConfiguration@7cf8061a testClass = ControladorPeliculaTest, locations = '{}', classes = '{class com.ceiba.cinemax.CinemaxApplication, class com.ceiba.cinemax.CinemaxApplication}', contextInitializerClasses = '[]', activeProfiles = '{}', propertySourceLocations = '{}', propertySourceProperties = '{org.springframework.boot.test.context.SpringBootTestContextBootstrapper=true}', contextCustomizers = set[org.springframework.boot.test.autoconfigure.properties.PropertyMappingContextCustomizer@4b3fa0b3, org.springframework.boot.test.autoconfigure.web.servlet.WebDriverContextCustomizerFactory$Customizer@6f3e565, [ImportsContextCustomizer@63a3a0ea key = [org.springframework.boot.test.autoconfigure.web.servlet.MockMvcAutoConfiguration, org.springframework.boot.test.autoconfigure.web.servlet.MockMvcWebClientAutoConfiguration, org.springframework.boot.test.autoconfigure.web.servlet.MockMvcWebDriverAutoConfiguration, org.springframework.boot.autoconfigure.security.servlet.SecurityAutoConfiguration, org.springframework.boot.autoconfigure.security.servlet.UserDetailsServiceAutoConfiguration, org.springframework.boot.test.autoconfigure.web.servlet.MockMvcSecurityConfiguration]], org.springframework.boot.test.context.filter.ExcludeFilterContextCustomizer@65cbd628, org.springframework.boot.test.json.DuplicateJsonObjectContextCustomizerFactory$DuplicateJsonObjectContextCustomizer@226898b1, org.springframework.boot.test.mock.mockito.MockitoContextCustomizer@0, org.springframework.boot.test.web.client.TestRestTemplateContextCustomizer@1a2e788f], resourceBasePath = 'src/main/webapp', contextLoader = 'org.springframework.boot.test.context.SpringBootContextLoader', parent = [null]], attributes = map['org.springframework.test.context.web.ServletTestExecutionListener.activateListener' -> true, 'org.springframework.test.context.web.ServletTestExecutionListener.populatedRequestContextHolder' -> true, 'org.springframework.test.context.web.ServletTestExecutionListener.resetRequestContextHolder' -> true]]
]]></system-out>
  <system-err><![CDATA[]]></system-err>
</testsuite>
