<?xml version="1.0" encoding="UTF-8"?>
<testsuite name="com.ceiba.cinemax.infraestructura.controlador.ControladorPeliculaTest" tests="3" skipped="0" failures="0" errors="0" timestamp="2020-02-23T20:09:19" hostname="SANTIAGO-GARCIA" time="1.236">
  <properties/>
  <testcase name="crearPeliculaSinSala()" classname="com.ceiba.cinemax.infraestructura.controlador.ControladorPeliculaTest" time="0.615"/>
  <testcase name="listarPeliculaTest()" classname="com.ceiba.cinemax.infraestructura.controlador.ControladorPeliculaTest" time="0.578"/>
  <testcase name="crearPelicula()" classname="com.ceiba.cinemax.infraestructura.controlador.ControladorPeliculaTest" time="0.04"/>
  <system-out><![CDATA[15:09:08.122 [Test worker] DEBUG org.springframework.test.context.BootstrapUtils - Instantiating CacheAwareContextLoaderDelegate from class [org.springframework.test.context.cache.DefaultCacheAwareContextLoaderDelegate]
15:09:08.154 [Test worker] DEBUG org.springframework.test.context.BootstrapUtils - Instantiating BootstrapContext using constructor [public org.springframework.test.context.support.DefaultBootstrapContext(java.lang.Class,org.springframework.test.context.CacheAwareContextLoaderDelegate)]
15:09:08.232 [Test worker] DEBUG org.springframework.test.context.BootstrapUtils - Instantiating TestContextBootstrapper for test class [com.ceiba.cinemax.infraestructura.controlador.ControladorPeliculaTest] from class [org.springframework.boot.test.context.SpringBootTestContextBootstrapper]
15:09:08.279 [Test worker] INFO org.springframework.boot.test.context.SpringBootTestContextBootstrapper - Neither @ContextConfiguration nor @ContextHierarchy found for test class [com.ceiba.cinemax.infraestructura.controlador.ControladorPeliculaTest], using SpringBootContextLoader
15:09:08.294 [Test worker] DEBUG org.springframework.test.context.support.AbstractContextLoader - Did not detect default resource location for test class [com.ceiba.cinemax.infraestructura.controlador.ControladorPeliculaTest]: class path resource [com/ceiba/cinemax/infraestructura/controlador/ControladorPeliculaTest-context.xml] does not exist
15:09:08.294 [Test worker] DEBUG org.springframework.test.context.support.AbstractContextLoader - Did not detect default resource location for test class [com.ceiba.cinemax.infraestructura.controlador.ControladorPeliculaTest]: class path resource [com/ceiba/cinemax/infraestructura/controlador/ControladorPeliculaTestContext.groovy] does not exist
15:09:08.294 [Test worker] INFO org.springframework.test.context.support.AbstractContextLoader - Could not detect default resource locations for test class [com.ceiba.cinemax.infraestructura.controlador.ControladorPeliculaTest]: no resource found for suffixes {-context.xml, Context.groovy}.
15:09:08.404 [Test worker] DEBUG org.springframework.test.context.support.ActiveProfilesUtils - Could not find an 'annotation declaring class' for annotation type [org.springframework.test.context.ActiveProfiles] and class [com.ceiba.cinemax.infraestructura.controlador.ControladorPeliculaTest]
15:09:08.685 [Test worker] DEBUG org.springframework.boot.test.context.SpringBootTestContextBootstrapper - @TestExecutionListeners is not present for class [com.ceiba.cinemax.infraestructura.controlador.ControladorPeliculaTest]: using defaults.
15:09:08.685 [Test worker] INFO org.springframework.boot.test.context.SpringBootTestContextBootstrapper - Loaded default TestExecutionListener class names from location [META-INF/spring.factories]: [org.springframework.boot.test.autoconfigure.restdocs.RestDocsTestExecutionListener, org.springframework.boot.test.autoconfigure.web.client.MockRestServiceServerResetTestExecutionListener, org.springframework.boot.test.autoconfigure.web.servlet.MockMvcPrintOnlyOnFailureTestExecutionListener, org.springframework.boot.test.autoconfigure.web.servlet.WebDriverTestExecutionListener, org.springframework.boot.test.mock.mockito.MockitoTestExecutionListener, org.springframework.boot.test.mock.mockito.ResetMocksTestExecutionListener, org.springframework.test.context.web.ServletTestExecutionListener, org.springframework.test.context.support.DirtiesContextBeforeModesTestExecutionListener, org.springframework.test.context.support.DependencyInjectionTestExecutionListener, org.springframework.test.context.support.DirtiesContextTestExecutionListener, org.springframework.test.context.transaction.TransactionalTestExecutionListener, org.springframework.test.context.jdbc.SqlScriptsTestExecutionListener, org.springframework.test.context.event.EventPublishingTestExecutionListener]
15:09:08.732 [Test worker] INFO org.springframework.boot.test.context.SpringBootTestContextBootstrapper - Using TestExecutionListeners: [org.springframework.test.context.web.ServletTestExecutionListener@499ff060, org.springframework.test.context.support.DirtiesContextBeforeModesTestExecutionListener@64ea612d, org.springframework.boot.test.mock.mockito.MockitoTestExecutionListener@71ee5990, org.springframework.boot.test.autoconfigure.SpringBootDependencyInjectionTestExecutionListener@216a2805, org.springframework.test.context.support.DirtiesContextTestExecutionListener@1740d0b8, org.springframework.test.context.transaction.TransactionalTestExecutionListener@20142874, org.springframework.test.context.jdbc.SqlScriptsTestExecutionListener@23b5d73f, org.springframework.test.context.event.EventPublishingTestExecutionListener@536fe94c, org.springframework.boot.test.autoconfigure.restdocs.RestDocsTestExecutionListener@423b3689, org.springframework.boot.test.autoconfigure.web.client.MockRestServiceServerResetTestExecutionListener@43edf132, org.springframework.boot.test.autoconfigure.web.servlet.MockMvcPrintOnlyOnFailureTestExecutionListener@4eecda5f, org.springframework.boot.test.autoconfigure.web.servlet.WebDriverTestExecutionListener@62e57f47, org.springframework.boot.test.mock.mockito.ResetMocksTestExecutionListener@797182ec]
15:09:08.747 [Test worker] DEBUG org.springframework.test.context.support.AbstractDirtiesContextTestExecutionListener - Before test class: context [DefaultTestContext@46b145e1 testClass = ControladorPeliculaTest, testInstance = [null], testMethod = [null], testException = [null], mergedContextConfiguration = [WebMergedContextConfiguration@5374bea6 testClass = ControladorPeliculaTest, locations = '{}', classes = '{class com.ceiba.cinemax.CinemaxApplication, class com.ceiba.cinemax.CinemaxApplication}', contextInitializerClasses = '[]', activeProfiles = '{}', propertySourceLocations = '{}', propertySourceProperties = '{org.springframework.boot.test.context.SpringBootTestContextBootstrapper=true}', contextCustomizers = set[org.springframework.boot.test.autoconfigure.properties.PropertyMappingContextCustomizer@4b3fa0b3, org.springframework.boot.test.autoconfigure.web.servlet.WebDriverContextCustomizerFactory$Customizer@2cfa391f, [ImportsContextCustomizer@71130f35 key = [org.springframework.boot.test.autoconfigure.web.servlet.MockMvcAutoConfiguration, org.springframework.boot.test.autoconfigure.web.servlet.MockMvcWebClientAutoConfiguration, org.springframework.boot.test.autoconfigure.web.servlet.MockMvcWebDriverAutoConfiguration, org.springframework.boot.autoconfigure.security.servlet.SecurityAutoConfiguration, org.springframework.boot.autoconfigure.security.servlet.UserDetailsServiceAutoConfiguration, org.springframework.boot.test.autoconfigure.web.servlet.MockMvcSecurityConfiguration]], org.springframework.boot.test.context.filter.ExcludeFilterContextCustomizer@3a7cd9a7, org.springframework.boot.test.json.DuplicateJsonObjectContextCustomizerFactory$DuplicateJsonObjectContextCustomizer@113f6214, org.springframework.boot.test.mock.mockito.MockitoContextCustomizer@0, org.springframework.boot.test.web.client.TestRestTemplateContextCustomizer@13c7fc73], resourceBasePath = 'src/main/webapp', contextLoader = 'org.springframework.boot.test.context.SpringBootContextLoader', parent = [null]], attributes = map['org.springframework.test.context.web.ServletTestExecutionListener.activateListener' -> true]], class annotated with @DirtiesContext [false] with mode [null].
15:09:08.794 [Test worker] DEBUG org.springframework.test.context.support.TestPropertySourceUtils - Adding inlined properties to environment: {spring.jmx.enabled=false, org.springframework.boot.test.context.SpringBootTestContextBootstrapper=true, server.port=-1}

  .   ____          _            __ _ _
 /\\ / ___'_ __ _ _(_)_ __  __ _ \ \ \ \
( ( )\___ | '_ | '_| | '_ \/ _` | \ \ \ \
 \\/  ___)| |_)| | | | | || (_| |  ) ) ) )
  '  |____| .__|_| |_|_| |_\__, | / / / /
 =========|_|==============|___/=/_/_/_/
 :: Spring Boot ::        (v2.2.4.RELEASE)

2020-02-23 15:09:09.544  INFO 2260 --- [    Test worker] c.c.c.i.c.ControladorPeliculaTest        : Starting ControladorPeliculaTest on SANTIAGO-GARCIA with PID 2260 (started by santiago.garcia in C:\Users\santiago.garcia\Desktop\proyectos\cinemax-service)
2020-02-23 15:09:09.560  INFO 2260 --- [    Test worker] c.c.c.i.c.ControladorPeliculaTest        : No active profile set, falling back to default profiles: default
2020-02-23 15:09:11.341  INFO 2260 --- [    Test worker] .s.d.r.c.RepositoryConfigurationDelegate : Bootstrapping Spring Data JPA repositories in DEFAULT mode.
2020-02-23 15:09:11.591  INFO 2260 --- [    Test worker] .s.d.r.c.RepositoryConfigurationDelegate : Finished Spring Data repository scanning in 228ms. Found 3 JPA repository interfaces.
2020-02-23 15:09:12.575  INFO 2260 --- [    Test worker] trationDelegate$BeanPostProcessorChecker : Bean 'org.springframework.transaction.annotation.ProxyTransactionManagementConfiguration' of type [org.springframework.transaction.annotation.ProxyTransactionManagementConfiguration] is not eligible for getting processed by all BeanPostProcessors (for example: not eligible for auto-proxying)
2020-02-23 15:09:13.013  INFO 2260 --- [    Test worker] com.zaxxer.hikari.HikariDataSource       : HikariPool-1 - Starting...
2020-02-23 15:09:13.700  INFO 2260 --- [    Test worker] com.zaxxer.hikari.HikariDataSource       : HikariPool-1 - Start completed.
2020-02-23 15:09:13.966  INFO 2260 --- [    Test worker] o.hibernate.jpa.internal.util.LogHelper  : HHH000204: Processing PersistenceUnitInfo [name: default]
2020-02-23 15:09:14.218  INFO 2260 --- [    Test worker] org.hibernate.Version                    : HHH000412: Hibernate Core {5.4.10.Final}
2020-02-23 15:09:14.343  INFO 2260 --- [    Test worker] o.hibernate.annotations.common.Version   : HCANN000001: Hibernate Commons Annotations {5.1.0.Final}
2020-02-23 15:09:14.718  INFO 2260 --- [    Test worker] org.hibernate.dialect.Dialect            : HHH000400: Using dialect: org.hibernate.dialect.H2Dialect
2020-02-23 15:09:16.499  INFO 2260 --- [    Test worker] o.h.e.t.j.p.i.JtaPlatformInitiator       : HHH000490: Using JtaPlatform implementation: [org.hibernate.engine.transaction.jta.platform.internal.NoJtaPlatform]
2020-02-23 15:09:16.515  INFO 2260 --- [    Test worker] j.LocalContainerEntityManagerFactoryBean : Initialized JPA EntityManagerFactory for persistence unit 'default'
2020-02-23 15:09:17.984  WARN 2260 --- [    Test worker] JpaBaseConfiguration$JpaWebConfiguration : spring.jpa.open-in-view is enabled by default. Therefore, database queries may be performed during view rendering. Explicitly configure spring.jpa.open-in-view to disable this warning
2020-02-23 15:09:18.484  INFO 2260 --- [    Test worker] o.s.s.concurrent.ThreadPoolTaskExecutor  : Initializing ExecutorService 'applicationTaskExecutor'
2020-02-23 15:09:19.218  INFO 2260 --- [    Test worker] o.s.b.t.m.w.SpringBootMockServletContext : Initializing Spring TestDispatcherServlet ''
2020-02-23 15:09:19.218  INFO 2260 --- [    Test worker] o.s.t.web.servlet.TestDispatcherServlet  : Initializing Servlet ''
2020-02-23 15:09:19.249  INFO 2260 --- [    Test worker] o.s.t.web.servlet.TestDispatcherServlet  : Completed initialization in 31 ms
2020-02-23 15:09:19.280  INFO 2260 --- [    Test worker] c.c.c.i.c.ControladorPeliculaTest        : Started ControladorPeliculaTest in 10.461 seconds (JVM running for 16.405)
2020-02-23 15:09:19.343  INFO 2260 --- [    Test worker] o.s.t.c.transaction.TransactionContext   : Began transaction (1) for test context [DefaultTestContext@46b145e1 testClass = ControladorPeliculaTest, testInstance = com.ceiba.cinemax.infraestructura.controlador.ControladorPeliculaTest@5a2d24ba, testMethod = crearPeliculaSinSala@ControladorPeliculaTest, testException = [null], mergedContextConfiguration = [WebMergedContextConfiguration@5374bea6 testClass = ControladorPeliculaTest, locations = '{}', classes = '{class com.ceiba.cinemax.CinemaxApplication, class com.ceiba.cinemax.CinemaxApplication}', contextInitializerClasses = '[]', activeProfiles = '{}', propertySourceLocations = '{}', propertySourceProperties = '{org.springframework.boot.test.context.SpringBootTestContextBootstrapper=true}', contextCustomizers = set[org.springframework.boot.test.autoconfigure.properties.PropertyMappingContextCustomizer@4b3fa0b3, org.springframework.boot.test.autoconfigure.web.servlet.WebDriverContextCustomizerFactory$Customizer@2cfa391f, [ImportsContextCustomizer@71130f35 key = [org.springframework.boot.test.autoconfigure.web.servlet.MockMvcAutoConfiguration, org.springframework.boot.test.autoconfigure.web.servlet.MockMvcWebClientAutoConfiguration, org.springframework.boot.test.autoconfigure.web.servlet.MockMvcWebDriverAutoConfiguration, org.springframework.boot.autoconfigure.security.servlet.SecurityAutoConfiguration, org.springframework.boot.autoconfigure.security.servlet.UserDetailsServiceAutoConfiguration, org.springframework.boot.test.autoconfigure.web.servlet.MockMvcSecurityConfiguration]], org.springframework.boot.test.context.filter.ExcludeFilterContextCustomizer@3a7cd9a7, org.springframework.boot.test.json.DuplicateJsonObjectContextCustomizerFactory$DuplicateJsonObjectContextCustomizer@113f6214, org.springframework.boot.test.mock.mockito.MockitoContextCustomizer@0, org.springframework.boot.test.web.client.TestRestTemplateContextCustomizer@13c7fc73], resourceBasePath = 'src/main/webapp', contextLoader = 'org.springframework.boot.test.context.SpringBootContextLoader', parent = [null]], attributes = map['org.springframework.test.context.web.ServletTestExecutionListener.activateListener' -> true, 'org.springframework.test.context.web.ServletTestExecutionListener.populatedRequestContextHolder' -> true, 'org.springframework.test.context.web.ServletTestExecutionListener.resetRequestContextHolder' -> true]]; transaction manager [org.springframework.orm.jpa.JpaTransactionManager@32a180d9]; rollback [true]

MockHttpServletRequest:
      HTTP Method = POST
      Request URI = /pelicula
       Parameters = {}
          Headers = [Content-Type:"application/json;charset=UTF-8", Accept:"application/json", Content-Length:"124"]
             Body = {"nombre":"TRANSFORMERS","salaCine":{"numeroSalaCine":"1","capacidadSillas":200,"estadoSalaCine":true},"numeroSalaCine":"1"}
    Session Attrs = {}

Handler:
             Type = com.ceiba.cinemax.infraestructura.controlador.ControladorPelicula
           Method = com.ceiba.cinemax.infraestructura.controlador.ControladorPelicula#guardarPelicula(ComandoPelicula)

Async:
    Async started = false
     Async result = null

Resolved Exception:
             Type = com.ceiba.cinemax.dominio.excepcion.ExcepcionExistenciaSalaCine

ModelAndView:
        View name = null
             View = null
            Model = null

FlashMap:
       Attributes = null

MockHttpServletResponse:
           Status = 400
    Error message = null
          Headers = [Content-Type:"application/json"]
     Content type = application/json
             Body = {"nombreExcepcion":"ExcepcionExistenciaSalaCine","mensajeExcepcion":"la sala de cine no existe"}
    Forwarded URL = null
   Redirected URL = null
          Cookies = []
2020-02-23 15:09:19.937  INFO 2260 --- [    Test worker] o.s.t.c.transaction.TransactionContext   : Rolled back transaction for test: [DefaultTestContext@46b145e1 testClass = ControladorPeliculaTest, testInstance = com.ceiba.cinemax.infraestructura.controlador.ControladorPeliculaTest@5a2d24ba, testMethod = crearPeliculaSinSala@ControladorPeliculaTest, testException = [null], mergedContextConfiguration = [WebMergedContextConfiguration@5374bea6 testClass = ControladorPeliculaTest, locations = '{}', classes = '{class com.ceiba.cinemax.CinemaxApplication, class com.ceiba.cinemax.CinemaxApplication}', contextInitializerClasses = '[]', activeProfiles = '{}', propertySourceLocations = '{}', propertySourceProperties = '{org.springframework.boot.test.context.SpringBootTestContextBootstrapper=true}', contextCustomizers = set[org.springframework.boot.test.autoconfigure.properties.PropertyMappingContextCustomizer@4b3fa0b3, org.springframework.boot.test.autoconfigure.web.servlet.WebDriverContextCustomizerFactory$Customizer@2cfa391f, [ImportsContextCustomizer@71130f35 key = [org.springframework.boot.test.autoconfigure.web.servlet.MockMvcAutoConfiguration, org.springframework.boot.test.autoconfigure.web.servlet.MockMvcWebClientAutoConfiguration, org.springframework.boot.test.autoconfigure.web.servlet.MockMvcWebDriverAutoConfiguration, org.springframework.boot.autoconfigure.security.servlet.SecurityAutoConfiguration, org.springframework.boot.autoconfigure.security.servlet.UserDetailsServiceAutoConfiguration, org.springframework.boot.test.autoconfigure.web.servlet.MockMvcSecurityConfiguration]], org.springframework.boot.test.context.filter.ExcludeFilterContextCustomizer@3a7cd9a7, org.springframework.boot.test.json.DuplicateJsonObjectContextCustomizerFactory$DuplicateJsonObjectContextCustomizer@113f6214, org.springframework.boot.test.mock.mockito.MockitoContextCustomizer@0, org.springframework.boot.test.web.client.TestRestTemplateContextCustomizer@13c7fc73], resourceBasePath = 'src/main/webapp', contextLoader = 'org.springframework.boot.test.context.SpringBootContextLoader', parent = [null]], attributes = map['org.springframework.test.context.web.ServletTestExecutionListener.activateListener' -> true, 'org.springframework.test.context.web.ServletTestExecutionListener.populatedRequestContextHolder' -> true, 'org.springframework.test.context.web.ServletTestExecutionListener.resetRequestContextHolder' -> true]]
2020-02-23 15:09:19.952  INFO 2260 --- [    Test worker] o.s.t.c.transaction.TransactionContext   : Began transaction (1) for test context [DefaultTestContext@46b145e1 testClass = ControladorPeliculaTest, testInstance = com.ceiba.cinemax.infraestructura.controlador.ControladorPeliculaTest@17b477dc, testMethod = listarPeliculaTest@ControladorPeliculaTest, testException = [null], mergedContextConfiguration = [WebMergedContextConfiguration@5374bea6 testClass = ControladorPeliculaTest, locations = '{}', classes = '{class com.ceiba.cinemax.CinemaxApplication, class com.ceiba.cinemax.CinemaxApplication}', contextInitializerClasses = '[]', activeProfiles = '{}', propertySourceLocations = '{}', propertySourceProperties = '{org.springframework.boot.test.context.SpringBootTestContextBootstrapper=true}', contextCustomizers = set[org.springframework.boot.test.autoconfigure.properties.PropertyMappingContextCustomizer@4b3fa0b3, org.springframework.boot.test.autoconfigure.web.servlet.WebDriverContextCustomizerFactory$Customizer@2cfa391f, [ImportsContextCustomizer@71130f35 key = [org.springframework.boot.test.autoconfigure.web.servlet.MockMvcAutoConfiguration, org.springframework.boot.test.autoconfigure.web.servlet.MockMvcWebClientAutoConfiguration, org.springframework.boot.test.autoconfigure.web.servlet.MockMvcWebDriverAutoConfiguration, org.springframework.boot.autoconfigure.security.servlet.SecurityAutoConfiguration, org.springframework.boot.autoconfigure.security.servlet.UserDetailsServiceAutoConfiguration, org.springframework.boot.test.autoconfigure.web.servlet.MockMvcSecurityConfiguration]], org.springframework.boot.test.context.filter.ExcludeFilterContextCustomizer@3a7cd9a7, org.springframework.boot.test.json.DuplicateJsonObjectContextCustomizerFactory$DuplicateJsonObjectContextCustomizer@113f6214, org.springframework.boot.test.mock.mockito.MockitoContextCustomizer@0, org.springframework.boot.test.web.client.TestRestTemplateContextCustomizer@13c7fc73], resourceBasePath = 'src/main/webapp', contextLoader = 'org.springframework.boot.test.context.SpringBootContextLoader', parent = [null]], attributes = map['org.springframework.test.context.web.ServletTestExecutionListener.activateListener' -> true, 'org.springframework.test.context.web.ServletTestExecutionListener.populatedRequestContextHolder' -> true, 'org.springframework.test.context.web.ServletTestExecutionListener.resetRequestContextHolder' -> true]]; transaction manager [org.springframework.orm.jpa.JpaTransactionManager@32a180d9]; rollback [true]

MockHttpServletRequest:
      HTTP Method = GET
      Request URI = /pelicula
       Parameters = {}
          Headers = [Content-Type:"application/json;charset=UTF-8", Content-Length:"126"]
             Body = [{"nombre":"transformers","salaCine":{"numeroSalaCine":"1","capacidadSillas":200,"estadoSalaCine":true},"numeroSalaCine":"1"}]
    Session Attrs = {}

Handler:
             Type = com.ceiba.cinemax.infraestructura.controlador.ControladorPelicula
           Method = com.ceiba.cinemax.infraestructura.controlador.ControladorPelicula#listarPelicula()

Async:
    Async started = false
     Async result = null

Resolved Exception:
             Type = null

ModelAndView:
        View name = null
             View = null
            Model = null

FlashMap:
       Attributes = null

MockHttpServletResponse:
           Status = 200
    Error message = null
          Headers = [Content-Type:"application/json"]
     Content type = application/json
             Body = [{"idPelicula":null,"nombre":"transformers","salaCine":{"estadoSalaCine":true,"numeroSalaCine":"1","capacidadSillas":200},"numeroSalaCine":"1"}]
    Forwarded URL = null
   Redirected URL = null
          Cookies = []
2020-02-23 15:09:20.515  INFO 2260 --- [    Test worker] o.s.t.c.transaction.TransactionContext   : Rolled back transaction for test: [DefaultTestContext@46b145e1 testClass = ControladorPeliculaTest, testInstance = com.ceiba.cinemax.infraestructura.controlador.ControladorPeliculaTest@17b477dc, testMethod = listarPeliculaTest@ControladorPeliculaTest, testException = [null], mergedContextConfiguration = [WebMergedContextConfiguration@5374bea6 testClass = ControladorPeliculaTest, locations = '{}', classes = '{class com.ceiba.cinemax.CinemaxApplication, class com.ceiba.cinemax.CinemaxApplication}', contextInitializerClasses = '[]', activeProfiles = '{}', propertySourceLocations = '{}', propertySourceProperties = '{org.springframework.boot.test.context.SpringBootTestContextBootstrapper=true}', contextCustomizers = set[org.springframework.boot.test.autoconfigure.properties.PropertyMappingContextCustomizer@4b3fa0b3, org.springframework.boot.test.autoconfigure.web.servlet.WebDriverContextCustomizerFactory$Customizer@2cfa391f, [ImportsContextCustomizer@71130f35 key = [org.springframework.boot.test.autoconfigure.web.servlet.MockMvcAutoConfiguration, org.springframework.boot.test.autoconfigure.web.servlet.MockMvcWebClientAutoConfiguration, org.springframework.boot.test.autoconfigure.web.servlet.MockMvcWebDriverAutoConfiguration, org.springframework.boot.autoconfigure.security.servlet.SecurityAutoConfiguration, org.springframework.boot.autoconfigure.security.servlet.UserDetailsServiceAutoConfiguration, org.springframework.boot.test.autoconfigure.web.servlet.MockMvcSecurityConfiguration]], org.springframework.boot.test.context.filter.ExcludeFilterContextCustomizer@3a7cd9a7, org.springframework.boot.test.json.DuplicateJsonObjectContextCustomizerFactory$DuplicateJsonObjectContextCustomizer@113f6214, org.springframework.boot.test.mock.mockito.MockitoContextCustomizer@0, org.springframework.boot.test.web.client.TestRestTemplateContextCustomizer@13c7fc73], resourceBasePath = 'src/main/webapp', contextLoader = 'org.springframework.boot.test.context.SpringBootContextLoader', parent = [null]], attributes = map['org.springframework.test.context.web.ServletTestExecutionListener.activateListener' -> true, 'org.springframework.test.context.web.ServletTestExecutionListener.populatedRequestContextHolder' -> true, 'org.springframework.test.context.web.ServletTestExecutionListener.resetRequestContextHolder' -> true]]
2020-02-23 15:09:20.530  INFO 2260 --- [    Test worker] o.s.t.c.transaction.TransactionContext   : Began transaction (1) for test context [DefaultTestContext@46b145e1 testClass = ControladorPeliculaTest, testInstance = com.ceiba.cinemax.infraestructura.controlador.ControladorPeliculaTest@11c7d38f, testMethod = crearPelicula@ControladorPeliculaTest, testException = [null], mergedContextConfiguration = [WebMergedContextConfiguration@5374bea6 testClass = ControladorPeliculaTest, locations = '{}', classes = '{class com.ceiba.cinemax.CinemaxApplication, class com.ceiba.cinemax.CinemaxApplication}', contextInitializerClasses = '[]', activeProfiles = '{}', propertySourceLocations = '{}', propertySourceProperties = '{org.springframework.boot.test.context.SpringBootTestContextBootstrapper=true}', contextCustomizers = set[org.springframework.boot.test.autoconfigure.properties.PropertyMappingContextCustomizer@4b3fa0b3, org.springframework.boot.test.autoconfigure.web.servlet.WebDriverContextCustomizerFactory$Customizer@2cfa391f, [ImportsContextCustomizer@71130f35 key = [org.springframework.boot.test.autoconfigure.web.servlet.MockMvcAutoConfiguration, org.springframework.boot.test.autoconfigure.web.servlet.MockMvcWebClientAutoConfiguration, org.springframework.boot.test.autoconfigure.web.servlet.MockMvcWebDriverAutoConfiguration, org.springframework.boot.autoconfigure.security.servlet.SecurityAutoConfiguration, org.springframework.boot.autoconfigure.security.servlet.UserDetailsServiceAutoConfiguration, org.springframework.boot.test.autoconfigure.web.servlet.MockMvcSecurityConfiguration]], org.springframework.boot.test.context.filter.ExcludeFilterContextCustomizer@3a7cd9a7, org.springframework.boot.test.json.DuplicateJsonObjectContextCustomizerFactory$DuplicateJsonObjectContextCustomizer@113f6214, org.springframework.boot.test.mock.mockito.MockitoContextCustomizer@0, org.springframework.boot.test.web.client.TestRestTemplateContextCustomizer@13c7fc73], resourceBasePath = 'src/main/webapp', contextLoader = 'org.springframework.boot.test.context.SpringBootContextLoader', parent = [null]], attributes = map['org.springframework.test.context.web.ServletTestExecutionListener.activateListener' -> true, 'org.springframework.test.context.web.ServletTestExecutionListener.populatedRequestContextHolder' -> true, 'org.springframework.test.context.web.ServletTestExecutionListener.resetRequestContextHolder' -> true]]; transaction manager [org.springframework.orm.jpa.JpaTransactionManager@32a180d9]; rollback [true]

MockHttpServletRequest:
      HTTP Method = POST
      Request URI = /pelicula
       Parameters = {}
          Headers = [Content-Type:"application/json;charset=UTF-8", Accept:"application/json", Content-Length:"124"]
             Body = {"nombre":"TRANSFORMERS","salaCine":{"numeroSalaCine":"1","capacidadSillas":200,"estadoSalaCine":true},"numeroSalaCine":"1"}
    Session Attrs = {}

Handler:
             Type = com.ceiba.cinemax.infraestructura.controlador.ControladorPelicula
           Method = com.ceiba.cinemax.infraestructura.controlador.ControladorPelicula#guardarPelicula(ComandoPelicula)

Async:
    Async started = false
     Async result = null

Resolved Exception:
             Type = null

ModelAndView:
        View name = null
             View = null
            Model = null

FlashMap:
       Attributes = null

MockHttpServletResponse:
           Status = 200
    Error message = null
          Headers = []
     Content type = null
             Body = 
    Forwarded URL = null
   Redirected URL = null
          Cookies = []
2020-02-23 15:09:20.562  INFO 2260 --- [    Test worker] o.s.t.c.transaction.TransactionContext   : Rolled back transaction for test: [DefaultTestContext@46b145e1 testClass = ControladorPeliculaTest, testInstance = com.ceiba.cinemax.infraestructura.controlador.ControladorPeliculaTest@11c7d38f, testMethod = crearPelicula@ControladorPeliculaTest, testException = [null], mergedContextConfiguration = [WebMergedContextConfiguration@5374bea6 testClass = ControladorPeliculaTest, locations = '{}', classes = '{class com.ceiba.cinemax.CinemaxApplication, class com.ceiba.cinemax.CinemaxApplication}', contextInitializerClasses = '[]', activeProfiles = '{}', propertySourceLocations = '{}', propertySourceProperties = '{org.springframework.boot.test.context.SpringBootTestContextBootstrapper=true}', contextCustomizers = set[org.springframework.boot.test.autoconfigure.properties.PropertyMappingContextCustomizer@4b3fa0b3, org.springframework.boot.test.autoconfigure.web.servlet.WebDriverContextCustomizerFactory$Customizer@2cfa391f, [ImportsContextCustomizer@71130f35 key = [org.springframework.boot.test.autoconfigure.web.servlet.MockMvcAutoConfiguration, org.springframework.boot.test.autoconfigure.web.servlet.MockMvcWebClientAutoConfiguration, org.springframework.boot.test.autoconfigure.web.servlet.MockMvcWebDriverAutoConfiguration, org.springframework.boot.autoconfigure.security.servlet.SecurityAutoConfiguration, org.springframework.boot.autoconfigure.security.servlet.UserDetailsServiceAutoConfiguration, org.springframework.boot.test.autoconfigure.web.servlet.MockMvcSecurityConfiguration]], org.springframework.boot.test.context.filter.ExcludeFilterContextCustomizer@3a7cd9a7, org.springframework.boot.test.json.DuplicateJsonObjectContextCustomizerFactory$DuplicateJsonObjectContextCustomizer@113f6214, org.springframework.boot.test.mock.mockito.MockitoContextCustomizer@0, org.springframework.boot.test.web.client.TestRestTemplateContextCustomizer@13c7fc73], resourceBasePath = 'src/main/webapp', contextLoader = 'org.springframework.boot.test.context.SpringBootContextLoader', parent = [null]], attributes = map['org.springframework.test.context.web.ServletTestExecutionListener.activateListener' -> true, 'org.springframework.test.context.web.ServletTestExecutionListener.populatedRequestContextHolder' -> true, 'org.springframework.test.context.web.ServletTestExecutionListener.resetRequestContextHolder' -> true]]
]]></system-out>
  <system-err><![CDATA[]]></system-err>
</testsuite>
