<?xml version="1.0" encoding="UTF-8"?>
<testsuite name="com.ceiba.cinemax.dominio.servicio.reserva.SercioDescuentoPagarReservaTest" tests="4" skipped="0" failures="0" errors="0" timestamp="2020-02-21T11:35:03" hostname="SANTIAGO-GARCIA" time="0.156">
  <properties/>
  <testcase name="valorReservaDiaNormalTest()" classname="com.ceiba.cinemax.dominio.servicio.reserva.SercioDescuentoPagarReservaTest" time="0.003"/>
  <testcase name="validarPeliculaNoExisteTest()" classname="com.ceiba.cinemax.dominio.servicio.reserva.SercioDescuentoPagarReservaTest" time="0.148"/>
  <testcase name="valorReservaDomingoTest()" classname="com.ceiba.cinemax.dominio.servicio.reserva.SercioDescuentoPagarReservaTest" time="0.001"/>
  <testcase name="valorReservaMartesMiercolestTest()" classname="com.ceiba.cinemax.dominio.servicio.reserva.SercioDescuentoPagarReservaTest" time="0.001"/>
  <system-out><![CDATA[]]></system-out>
  <system-err><![CDATA[]]></system-err>
</testsuite>
