<?xml version="1.0" encoding="UTF-8"?>
<testsuite name="com.ceiba.cinemax.dominio.servicio.pelicula.ServicioCrearPeliculaTest" tests="4" skipped="0" failures="0" errors="0" timestamp="2020-02-24T16:50:17" hostname="SANTIAGO-GARCIA" time="0.311">
  <properties/>
  <testcase name="ejecutarTest()" classname="com.ceiba.cinemax.dominio.servicio.pelicula.ServicioCrearPeliculaTest" time="0.199"/>
  <testcase name="validarNoExistenciaSalaCineTest()" classname="com.ceiba.cinemax.dominio.servicio.pelicula.ServicioCrearPeliculaTest" time="0.004"/>
  <testcase name="validarExistenciaDePeliculaTest()" classname="com.ceiba.cinemax.dominio.servicio.pelicula.ServicioCrearPeliculaTest" time="0.003"/>
  <testcase name="capacidadSalaCineTest()" classname="com.ceiba.cinemax.dominio.servicio.pelicula.ServicioCrearPeliculaTest" time="0.1"/>
  <system-out><![CDATA[]]></system-out>
  <system-err><![CDATA[]]></system-err>
</testsuite>
