<?xml version="1.0" encoding="UTF-8"?>
<testsuite name="com.ceiba.cinemax.infraestructura.controlador.entidad.EntidadSalaCineTest" tests="1" skipped="0" failures="0" errors="0" timestamp="2020-02-24T19:13:34" hostname="SANTIAGO-GARCIA" time="0.004">
  <properties/>
  <testcase name="funcionamientoGetSalaCineEntidadTest()" classname="com.ceiba.cinemax.infraestructura.controlador.entidad.EntidadSalaCineTest" time="0.004"/>
  <system-out><![CDATA[]]></system-out>
  <system-err><![CDATA[]]></system-err>
</testsuite>
