<?xml version="1.0" encoding="UTF-8"?>
<testsuite name="com.ceiba.cinemax.infraestructura.controlador.entidad.EntidadPeliculaTest" tests="1" skipped="0" failures="0" errors="0" timestamp="2020-02-24T15:47:02" hostname="SANTIAGO-GARCIA" time="0.0">
  <properties/>
  <testcase name="funcionamientoGetPeliculaTest()" classname="com.ceiba.cinemax.infraestructura.controlador.entidad.EntidadPeliculaTest" time="0.0"/>
  <system-out><![CDATA[]]></system-out>
  <system-err><![CDATA[]]></system-err>
</testsuite>
