<?xml version="1.0" encoding="UTF-8"?>
<testsuite name="com.ceiba.cinemax.dominio.servicio.pelicula.ServicioCrearPeliculaTest" tests="1" skipped="0" failures="0" errors="0" timestamp="2020-02-20T23:19:50" hostname="SANTIAGO-GARCIA" time="1.242">
  <properties/>
  <testcase name="validarExistenciaDePeliculaTest()" classname="com.ceiba.cinemax.dominio.servicio.pelicula.ServicioCrearPeliculaTest" time="1.242"/>
  <system-out><![CDATA[]]></system-out>
  <system-err><![CDATA[]]></system-err>
</testsuite>
