<?xml version="1.0" encoding="UTF-8"?>
<testsuite name="com.ceiba.cinemax.infraestructura.controlador.ControladorSalaCineTest" tests="2" skipped="0" failures="0" errors="0" timestamp="2020-02-24T19:13:34" hostname="SANTIAGO-GARCIA" time="0.087">
  <properties/>
  <testcase name="listarSalaCineList()" classname="com.ceiba.cinemax.infraestructura.controlador.ControladorSalaCineTest" time="0.056"/>
  <testcase name="crearSalaCine()" classname="com.ceiba.cinemax.infraestructura.controlador.ControladorSalaCineTest" time="0.03"/>
  <system-out><![CDATA[2020-02-24 14:13:34.273  INFO 7116 --- [    Test worker] .b.t.c.SpringBootTestContextBootstrapper : Neither @ContextConfiguration nor @ContextHierarchy found for test class [com.ceiba.cinemax.infraestructura.controlador.ControladorSalaCineTest], using SpringBootContextLoader
2020-02-24 14:13:34.275  INFO 7116 --- [    Test worker] o.s.t.c.support.AbstractContextLoader    : Could not detect default resource locations for test class [com.ceiba.cinemax.infraestructura.controlador.ControladorSalaCineTest]: no resource found for suffixes {-context.xml, Context.groovy}.
2020-02-24 14:13:34.282  INFO 7116 --- [    Test worker] .b.t.c.SpringBootTestContextBootstrapper : Loaded default TestExecutionListener class names from location [META-INF/spring.factories]: [org.springframework.boot.test.autoconfigure.restdocs.RestDocsTestExecutionListener, org.springframework.boot.test.autoconfigure.web.client.MockRestServiceServerResetTestExecutionListener, org.springframework.boot.test.autoconfigure.web.servlet.MockMvcPrintOnlyOnFailureTestExecutionListener, org.springframework.boot.test.autoconfigure.web.servlet.WebDriverTestExecutionListener, org.springframework.boot.test.mock.mockito.MockitoTestExecutionListener, org.springframework.boot.test.mock.mockito.ResetMocksTestExecutionListener, org.springframework.test.context.web.ServletTestExecutionListener, org.springframework.test.context.support.DirtiesContextBeforeModesTestExecutionListener, org.springframework.test.context.support.DependencyInjectionTestExecutionListener, org.springframework.test.context.support.DirtiesContextTestExecutionListener, org.springframework.test.context.transaction.TransactionalTestExecutionListener, org.springframework.test.context.jdbc.SqlScriptsTestExecutionListener, org.springframework.test.context.event.EventPublishingTestExecutionListener]
2020-02-24 14:13:34.283  INFO 7116 --- [    Test worker] .b.t.c.SpringBootTestContextBootstrapper : Using TestExecutionListeners: [org.springframework.test.context.web.ServletTestExecutionListener@448c9cc7, org.springframework.test.context.support.DirtiesContextBeforeModesTestExecutionListener@722411f5, org.springframework.boot.test.mock.mockito.MockitoTestExecutionListener@4c97ece5, org.springframework.boot.test.autoconfigure.SpringBootDependencyInjectionTestExecutionListener@34c45e19, org.springframework.test.context.support.DirtiesContextTestExecutionListener@140e86e2, org.springframework.test.context.transaction.TransactionalTestExecutionListener@46f7962f, org.springframework.test.context.jdbc.SqlScriptsTestExecutionListener@3574aad0, org.springframework.test.context.event.EventPublishingTestExecutionListener@23d60ef1, org.springframework.boot.test.autoconfigure.restdocs.RestDocsTestExecutionListener@438fb5ff, org.springframework.boot.test.autoconfigure.web.client.MockRestServiceServerResetTestExecutionListener@3933054f, org.springframework.boot.test.autoconfigure.web.servlet.MockMvcPrintOnlyOnFailureTestExecutionListener@29810a93, org.springframework.boot.test.autoconfigure.web.servlet.WebDriverTestExecutionListener@3a3338d4, org.springframework.boot.test.mock.mockito.ResetMocksTestExecutionListener@4ad4220]

MockHttpServletRequest:
      HTTP Method = GET
      Request URI = /salacine
       Parameters = {}
          Headers = [Content-Type:"application/json;charset=UTF-8"]
             Body = null
    Session Attrs = {}

Handler:
             Type = com.ceiba.cinemax.infraestructura.controlador.ControladorSalaCine
           Method = com.ceiba.cinemax.infraestructura.controlador.ControladorSalaCine#listarSalaCine()

Async:
    Async started = false
     Async result = null

Resolved Exception:
             Type = null

ModelAndView:
        View name = null
             View = null
            Model = null

FlashMap:
       Attributes = null

MockHttpServletResponse:
           Status = 200
    Error message = null
          Headers = [Content-Type:"application/json"]
     Content type = application/json
             Body = [{"estadoSalaCine":true,"numeroSalaCine":"123453","capacidadSillas":200}]
    Forwarded URL = null
   Redirected URL = null
          Cookies = []

MockHttpServletRequest:
      HTTP Method = POST
      Request URI = /salacine
       Parameters = {}
          Headers = [Content-Type:"application/json;charset=UTF-8", Accept:"application/json", Content-Length:"66"]
             Body = {"numeroSalaCine":"4","capacidadSillas":300,"estadoSalaCine":true}
    Session Attrs = {}

Handler:
             Type = com.ceiba.cinemax.infraestructura.controlador.ControladorSalaCine
           Method = com.ceiba.cinemax.infraestructura.controlador.ControladorSalaCine#guardarSalaCine(ComandoSalaCine)

Async:
    Async started = false
     Async result = null

Resolved Exception:
             Type = null

ModelAndView:
        View name = null
             View = null
            Model = null

FlashMap:
       Attributes = null

MockHttpServletResponse:
           Status = 200
    Error message = null
          Headers = []
     Content type = null
             Body = 
    Forwarded URL = null
   Redirected URL = null
          Cookies = []
]]></system-out>
  <system-err><![CDATA[]]></system-err>
</testsuite>
