<?xml version="1.0" encoding="UTF-8"?>
<testsuite name="com.ceiba.cinemax.infraestructura.controlador.ControladorSalaCineTest" tests="2" skipped="0" failures="0" errors="0" timestamp="2020-02-23T15:57:10" hostname="SANTIAGO-GARCIA" time="0.095">
  <properties/>
  <testcase name="listarSalaCineList()" classname="com.ceiba.cinemax.infraestructura.controlador.ControladorSalaCineTest" time="0.059"/>
  <testcase name="crearSalaCine()" classname="com.ceiba.cinemax.infraestructura.controlador.ControladorSalaCineTest" time="0.029"/>
  <system-out><![CDATA[2020-02-23 10:57:10.186  INFO 12632 --- [    Test worker] .b.t.c.SpringBootTestContextBootstrapper : Neither @ContextConfiguration nor @ContextHierarchy found for test class [com.ceiba.cinemax.infraestructura.controlador.ControladorSalaCineTest], using SpringBootContextLoader
2020-02-23 10:57:10.198  INFO 12632 --- [    Test worker] o.s.t.c.support.AbstractContextLoader    : Could not detect default resource locations for test class [com.ceiba.cinemax.infraestructura.controlador.ControladorSalaCineTest]: no resource found for suffixes {-context.xml, Context.groovy}.
2020-02-23 10:57:10.208  INFO 12632 --- [    Test worker] .b.t.c.SpringBootTestContextBootstrapper : Loaded default TestExecutionListener class names from location [META-INF/spring.factories]: [org.springframework.boot.test.autoconfigure.restdocs.RestDocsTestExecutionListener, org.springframework.boot.test.autoconfigure.web.client.MockRestServiceServerResetTestExecutionListener, org.springframework.boot.test.autoconfigure.web.servlet.MockMvcPrintOnlyOnFailureTestExecutionListener, org.springframework.boot.test.autoconfigure.web.servlet.WebDriverTestExecutionListener, org.springframework.boot.test.mock.mockito.MockitoTestExecutionListener, org.springframework.boot.test.mock.mockito.ResetMocksTestExecutionListener, org.springframework.test.context.web.ServletTestExecutionListener, org.springframework.test.context.support.DirtiesContextBeforeModesTestExecutionListener, org.springframework.test.context.support.DependencyInjectionTestExecutionListener, org.springframework.test.context.support.DirtiesContextTestExecutionListener, org.springframework.test.context.transaction.TransactionalTestExecutionListener, org.springframework.test.context.jdbc.SqlScriptsTestExecutionListener, org.springframework.test.context.event.EventPublishingTestExecutionListener]
2020-02-23 10:57:10.209  INFO 12632 --- [    Test worker] .b.t.c.SpringBootTestContextBootstrapper : Using TestExecutionListeners: [org.springframework.test.context.web.ServletTestExecutionListener@33b684d7, org.springframework.test.context.support.DirtiesContextBeforeModesTestExecutionListener@6a773000, org.springframework.boot.test.mock.mockito.MockitoTestExecutionListener@81c549e, org.springframework.boot.test.autoconfigure.SpringBootDependencyInjectionTestExecutionListener@3b4b6dca, org.springframework.test.context.support.DirtiesContextTestExecutionListener@3cdcd648, org.springframework.test.context.transaction.TransactionalTestExecutionListener@6f7806e3, org.springframework.test.context.jdbc.SqlScriptsTestExecutionListener@5aa0736, org.springframework.test.context.event.EventPublishingTestExecutionListener@656f0f74, org.springframework.boot.test.autoconfigure.restdocs.RestDocsTestExecutionListener@3f5bfb07, org.springframework.boot.test.autoconfigure.web.client.MockRestServiceServerResetTestExecutionListener@103bad11, org.springframework.boot.test.autoconfigure.web.servlet.MockMvcPrintOnlyOnFailureTestExecutionListener@457d8b97, org.springframework.boot.test.autoconfigure.web.servlet.WebDriverTestExecutionListener@587428e3, org.springframework.boot.test.mock.mockito.ResetMocksTestExecutionListener@38177329]

MockHttpServletRequest:
      HTTP Method = GET
      Request URI = /salacine
       Parameters = {}
          Headers = [Content-Type:"application/json;charset=UTF-8"]
             Body = null
    Session Attrs = {}

Handler:
             Type = com.ceiba.cinemax.infraestructura.controlador.ControladorSalaCine
           Method = com.ceiba.cinemax.infraestructura.controlador.ControladorSalaCine#listarSalaCine()

Async:
    Async started = false
     Async result = null

Resolved Exception:
             Type = null

ModelAndView:
        View name = null
             View = null
            Model = null

FlashMap:
       Attributes = null

MockHttpServletResponse:
           Status = 200
    Error message = null
          Headers = [Content-Type:"application/json"]
     Content type = application/json
             Body = [{"estadoSalaCine":true,"numeroSalaCine":"123453","capacidadSillas":200}]
    Forwarded URL = null
   Redirected URL = null
          Cookies = []

MockHttpServletRequest:
      HTTP Method = POST
      Request URI = /salacine
       Parameters = {}
          Headers = [Content-Type:"application/json;charset=UTF-8", Accept:"application/json", Content-Length:"66"]
             Body = {"numeroSalaCine":"4","capacidadSillas":300,"estadoSalaCine":true}
    Session Attrs = {}

Handler:
             Type = com.ceiba.cinemax.infraestructura.controlador.ControladorSalaCine
           Method = com.ceiba.cinemax.infraestructura.controlador.ControladorSalaCine#guardarSalaCine(ComandoSalaCine)

Async:
    Async started = false
     Async result = null

Resolved Exception:
             Type = null

ModelAndView:
        View name = null
             View = null
            Model = null

FlashMap:
       Attributes = null

MockHttpServletResponse:
           Status = 200
    Error message = null
          Headers = []
     Content type = null
             Body = 
    Forwarded URL = null
   Redirected URL = null
          Cookies = []
]]></system-out>
  <system-err><![CDATA[]]></system-err>
</testsuite>
