<?xml version="1.0" encoding="UTF-8"?>
<testsuite name="com.ceiba.cinemax.infraestructura.controlador.entidad.EntidadReservaTest" tests="1" skipped="0" failures="0" errors="0" timestamp="2020-02-23T16:38:30" hostname="SANTIAGO-GARCIA" time="0.002">
  <properties/>
  <testcase name="funcionamientoGetReservaEntidadTest()" classname="com.ceiba.cinemax.infraestructura.controlador.entidad.EntidadReservaTest" time="0.002"/>
  <system-out><![CDATA[]]></system-out>
  <system-err><![CDATA[]]></system-err>
</testsuite>
