<?xml version="1.0" encoding="UTF-8"?>
<testsuite name="com.ceiba.cinemax.dominio.modelo.PeliculaTest" tests="1" skipped="0" failures="0" errors="0" timestamp="2020-02-23T15:56:45" hostname="SANTIAGO-GARCIA" time="0.002">
  <properties/>
  <testcase name="funcionamientoGetterPelicula()" classname="com.ceiba.cinemax.dominio.modelo.PeliculaTest" time="0.002"/>
  <system-out><![CDATA[]]></system-out>
  <system-err><![CDATA[]]></system-err>
</testsuite>
