<?xml version="1.0" encoding="UTF-8"?>
<testsuite name="com.ceiba.cinemax.infraestructura.controlador.ControladorPeliculaTest" tests="2" skipped="0" failures="0" errors="0" timestamp="2020-02-21T11:35:26" hostname="SANTIAGO-GARCIA" time="2.013">
  <properties/>
  <testcase name="listarPeliculaTest()" classname="com.ceiba.cinemax.infraestructura.controlador.ControladorPeliculaTest" time="1.566"/>
  <testcase name="crearPelicula()" classname="com.ceiba.cinemax.infraestructura.controlador.ControladorPeliculaTest" time="0.445"/>
  <system-out><![CDATA[06:35:03.962 [Test worker] DEBUG org.springframework.test.context.BootstrapUtils - Instantiating CacheAwareContextLoaderDelegate from class [org.springframework.test.context.cache.DefaultCacheAwareContextLoaderDelegate]
06:35:04.083 [Test worker] DEBUG org.springframework.test.context.BootstrapUtils - Instantiating BootstrapContext using constructor [public org.springframework.test.context.support.DefaultBootstrapContext(java.lang.Class,org.springframework.test.context.CacheAwareContextLoaderDelegate)]
06:35:04.256 [Test worker] DEBUG org.springframework.test.context.BootstrapUtils - Instantiating TestContextBootstrapper for test class [com.ceiba.cinemax.infraestructura.controlador.ControladorPeliculaTest] from class [org.springframework.boot.test.context.SpringBootTestContextBootstrapper]
06:35:04.310 [Test worker] INFO org.springframework.boot.test.context.SpringBootTestContextBootstrapper - Neither @ContextConfiguration nor @ContextHierarchy found for test class [com.ceiba.cinemax.infraestructura.controlador.ControladorPeliculaTest], using SpringBootContextLoader
06:35:04.328 [Test worker] DEBUG org.springframework.test.context.support.AbstractContextLoader - Did not detect default resource location for test class [com.ceiba.cinemax.infraestructura.controlador.ControladorPeliculaTest]: class path resource [com/ceiba/cinemax/infraestructura/controlador/ControladorPeliculaTest-context.xml] does not exist
06:35:04.329 [Test worker] DEBUG org.springframework.test.context.support.AbstractContextLoader - Did not detect default resource location for test class [com.ceiba.cinemax.infraestructura.controlador.ControladorPeliculaTest]: class path resource [com/ceiba/cinemax/infraestructura/controlador/ControladorPeliculaTestContext.groovy] does not exist
06:35:04.330 [Test worker] INFO org.springframework.test.context.support.AbstractContextLoader - Could not detect default resource locations for test class [com.ceiba.cinemax.infraestructura.controlador.ControladorPeliculaTest]: no resource found for suffixes {-context.xml, Context.groovy}.
06:35:04.547 [Test worker] DEBUG org.springframework.test.context.support.ActiveProfilesUtils - Could not find an 'annotation declaring class' for annotation type [org.springframework.test.context.ActiveProfiles] and class [com.ceiba.cinemax.infraestructura.controlador.ControladorPeliculaTest]
06:35:05.050 [Test worker] DEBUG org.springframework.boot.test.context.SpringBootTestContextBootstrapper - @TestExecutionListeners is not present for class [com.ceiba.cinemax.infraestructura.controlador.ControladorPeliculaTest]: using defaults.
06:35:05.052 [Test worker] INFO org.springframework.boot.test.context.SpringBootTestContextBootstrapper - Loaded default TestExecutionListener class names from location [META-INF/spring.factories]: [org.springframework.boot.test.autoconfigure.restdocs.RestDocsTestExecutionListener, org.springframework.boot.test.autoconfigure.web.client.MockRestServiceServerResetTestExecutionListener, org.springframework.boot.test.autoconfigure.web.servlet.MockMvcPrintOnlyOnFailureTestExecutionListener, org.springframework.boot.test.autoconfigure.web.servlet.WebDriverTestExecutionListener, org.springframework.boot.test.mock.mockito.MockitoTestExecutionListener, org.springframework.boot.test.mock.mockito.ResetMocksTestExecutionListener, org.springframework.test.context.web.ServletTestExecutionListener, org.springframework.test.context.support.DirtiesContextBeforeModesTestExecutionListener, org.springframework.test.context.support.DependencyInjectionTestExecutionListener, org.springframework.test.context.support.DirtiesContextTestExecutionListener, org.springframework.test.context.transaction.TransactionalTestExecutionListener, org.springframework.test.context.jdbc.SqlScriptsTestExecutionListener, org.springframework.test.context.event.EventPublishingTestExecutionListener]
06:35:05.127 [Test worker] INFO org.springframework.boot.test.context.SpringBootTestContextBootstrapper - Using TestExecutionListeners: [org.springframework.test.context.web.ServletTestExecutionListener@2c1717f9, org.springframework.test.context.support.DirtiesContextBeforeModesTestExecutionListener@21b2da39, org.springframework.boot.test.mock.mockito.MockitoTestExecutionListener@52c3ef6f, org.springframework.boot.test.autoconfigure.SpringBootDependencyInjectionTestExecutionListener@5490ee74, org.springframework.test.context.support.DirtiesContextTestExecutionListener@402c93c0, org.springframework.test.context.transaction.TransactionalTestExecutionListener@7778eaee, org.springframework.test.context.jdbc.SqlScriptsTestExecutionListener@3a8dcbf9, org.springframework.test.context.event.EventPublishingTestExecutionListener@69bd6192, org.springframework.boot.test.autoconfigure.restdocs.RestDocsTestExecutionListener@4d2b5df6, org.springframework.boot.test.autoconfigure.web.client.MockRestServiceServerResetTestExecutionListener@7db4f127, org.springframework.boot.test.autoconfigure.web.servlet.MockMvcPrintOnlyOnFailureTestExecutionListener@29322f6b, org.springframework.boot.test.autoconfigure.web.servlet.WebDriverTestExecutionListener@2b816a2e, org.springframework.boot.test.mock.mockito.ResetMocksTestExecutionListener@3cd24645]
06:35:05.145 [Test worker] DEBUG org.springframework.test.context.support.AbstractDirtiesContextTestExecutionListener - Before test class: context [DefaultTestContext@25ca1af2 testClass = ControladorPeliculaTest, testInstance = [null], testMethod = [null], testException = [null], mergedContextConfiguration = [WebMergedContextConfiguration@5e51f1c3 testClass = ControladorPeliculaTest, locations = '{}', classes = '{class com.ceiba.cinemax.CinemaxApplication, class com.ceiba.cinemax.CinemaxApplication}', contextInitializerClasses = '[]', activeProfiles = '{}', propertySourceLocations = '{}', propertySourceProperties = '{org.springframework.boot.test.context.SpringBootTestContextBootstrapper=true}', contextCustomizers = set[org.springframework.boot.test.autoconfigure.properties.PropertyMappingContextCustomizer@4b3fa0b3, org.springframework.boot.test.autoconfigure.web.servlet.WebDriverContextCustomizerFactory$Customizer@4156666d, [ImportsContextCustomizer@2c885276 key = [org.springframework.boot.test.autoconfigure.web.servlet.MockMvcAutoConfiguration, org.springframework.boot.test.autoconfigure.web.servlet.MockMvcWebClientAutoConfiguration, org.springframework.boot.test.autoconfigure.web.servlet.MockMvcWebDriverAutoConfiguration, org.springframework.boot.autoconfigure.security.servlet.SecurityAutoConfiguration, org.springframework.boot.autoconfigure.security.servlet.UserDetailsServiceAutoConfiguration, org.springframework.boot.test.autoconfigure.web.servlet.MockMvcSecurityConfiguration]], org.springframework.boot.test.context.filter.ExcludeFilterContextCustomizer@4ee666ad, org.springframework.boot.test.json.DuplicateJsonObjectContextCustomizerFactory$DuplicateJsonObjectContextCustomizer@33f1c431, org.springframework.boot.test.mock.mockito.MockitoContextCustomizer@0, org.springframework.boot.test.web.client.TestRestTemplateContextCustomizer@5cc054b6], resourceBasePath = 'src/main/webapp', contextLoader = 'org.springframework.boot.test.context.SpringBootContextLoader', parent = [null]], attributes = map['org.springframework.test.context.web.ServletTestExecutionListener.activateListener' -> true]], class annotated with @DirtiesContext [false] with mode [null].
06:35:05.293 [Test worker] DEBUG org.springframework.test.context.support.TestPropertySourceUtils - Adding inlined properties to environment: {spring.jmx.enabled=false, org.springframework.boot.test.context.SpringBootTestContextBootstrapper=true, server.port=-1}

  .   ____          _            __ _ _
 /\\ / ___'_ __ _ _(_)_ __  __ _ \ \ \ \
( ( )\___ | '_ | '_| | '_ \/ _` | \ \ \ \
 \\/  ___)| |_)| | | | | || (_| |  ) ) ) )
  '  |____| .__|_| |_|_| |_\__, | / / / /
 =========|_|==============|___/=/_/_/_/
 :: Spring Boot ::        (v2.2.4.RELEASE)

2020-02-21 06:35:06.796  INFO 15484 --- [    Test worker] c.c.c.i.c.ControladorPeliculaTest        : Starting ControladorPeliculaTest on SANTIAGO-GARCIA with PID 15484 (started by santiago.garcia in C:\Users\santiago.garcia\Desktop\proyectos\cinemax-service)
2020-02-21 06:35:06.801  INFO 15484 --- [    Test worker] c.c.c.i.c.ControladorPeliculaTest        : No active profile set, falling back to default profiles: default
2020-02-21 06:35:10.221  INFO 15484 --- [    Test worker] .s.d.r.c.RepositoryConfigurationDelegate : Bootstrapping Spring Data JPA repositories in DEFAULT mode.
2020-02-21 06:35:10.655  INFO 15484 --- [    Test worker] .s.d.r.c.RepositoryConfigurationDelegate : Finished Spring Data repository scanning in 404ms. Found 3 JPA repository interfaces.
2020-02-21 06:35:12.515  INFO 15484 --- [    Test worker] trationDelegate$BeanPostProcessorChecker : Bean 'org.springframework.transaction.annotation.ProxyTransactionManagementConfiguration' of type [org.springframework.transaction.annotation.ProxyTransactionManagementConfiguration] is not eligible for getting processed by all BeanPostProcessors (for example: not eligible for auto-proxying)
2020-02-21 06:35:13.442  INFO 15484 --- [    Test worker] com.zaxxer.hikari.HikariDataSource       : HikariPool-1 - Starting...
2020-02-21 06:35:14.565  INFO 15484 --- [    Test worker] com.zaxxer.hikari.HikariDataSource       : HikariPool-1 - Start completed.
2020-02-21 06:35:15.045  INFO 15484 --- [    Test worker] o.hibernate.jpa.internal.util.LogHelper  : HHH000204: Processing PersistenceUnitInfo [name: default]
2020-02-21 06:35:15.386  INFO 15484 --- [    Test worker] org.hibernate.Version                    : HHH000412: Hibernate Core {5.4.10.Final}
2020-02-21 06:35:15.568  INFO 15484 --- [    Test worker] o.hibernate.annotations.common.Version   : HCANN000001: Hibernate Commons Annotations {5.1.0.Final}
2020-02-21 06:35:16.385  INFO 15484 --- [    Test worker] org.hibernate.dialect.Dialect            : HHH000400: Using dialect: org.hibernate.dialect.H2Dialect
2020-02-21 06:35:19.695  INFO 15484 --- [    Test worker] o.h.e.t.j.p.i.JtaPlatformInitiator       : HHH000490: Using JtaPlatform implementation: [org.hibernate.engine.transaction.jta.platform.internal.NoJtaPlatform]
2020-02-21 06:35:19.719  INFO 15484 --- [    Test worker] j.LocalContainerEntityManagerFactoryBean : Initialized JPA EntityManagerFactory for persistence unit 'default'
2020-02-21 06:35:23.045  WARN 15484 --- [    Test worker] JpaBaseConfiguration$JpaWebConfiguration : spring.jpa.open-in-view is enabled by default. Therefore, database queries may be performed during view rendering. Explicitly configure spring.jpa.open-in-view to disable this warning
2020-02-21 06:35:24.251  INFO 15484 --- [    Test worker] o.s.s.concurrent.ThreadPoolTaskExecutor  : Initializing ExecutorService 'applicationTaskExecutor'
2020-02-21 06:35:26.143  INFO 15484 --- [    Test worker] o.s.b.t.m.w.SpringBootMockServletContext : Initializing Spring TestDispatcherServlet ''
2020-02-21 06:35:26.143  INFO 15484 --- [    Test worker] o.s.t.web.servlet.TestDispatcherServlet  : Initializing Servlet ''
2020-02-21 06:35:26.198  INFO 15484 --- [    Test worker] o.s.t.web.servlet.TestDispatcherServlet  : Completed initialization in 54 ms
2020-02-21 06:35:26.256  INFO 15484 --- [    Test worker] c.c.c.i.c.ControladorPeliculaTest        : Started ControladorPeliculaTest in 20.921 seconds (JVM running for 31.379)
2020-02-21 06:35:26.369  INFO 15484 --- [    Test worker] o.s.t.c.transaction.TransactionContext   : Began transaction (1) for test context [DefaultTestContext@25ca1af2 testClass = ControladorPeliculaTest, testInstance = com.ceiba.cinemax.infraestructura.controlador.ControladorPeliculaTest@55a97da0, testMethod = listarPeliculaTest@ControladorPeliculaTest, testException = [null], mergedContextConfiguration = [WebMergedContextConfiguration@5e51f1c3 testClass = ControladorPeliculaTest, locations = '{}', classes = '{class com.ceiba.cinemax.CinemaxApplication, class com.ceiba.cinemax.CinemaxApplication}', contextInitializerClasses = '[]', activeProfiles = '{}', propertySourceLocations = '{}', propertySourceProperties = '{org.springframework.boot.test.context.SpringBootTestContextBootstrapper=true}', contextCustomizers = set[org.springframework.boot.test.autoconfigure.properties.PropertyMappingContextCustomizer@4b3fa0b3, org.springframework.boot.test.autoconfigure.web.servlet.WebDriverContextCustomizerFactory$Customizer@4156666d, [ImportsContextCustomizer@2c885276 key = [org.springframework.boot.test.autoconfigure.web.servlet.MockMvcAutoConfiguration, org.springframework.boot.test.autoconfigure.web.servlet.MockMvcWebClientAutoConfiguration, org.springframework.boot.test.autoconfigure.web.servlet.MockMvcWebDriverAutoConfiguration, org.springframework.boot.autoconfigure.security.servlet.SecurityAutoConfiguration, org.springframework.boot.autoconfigure.security.servlet.UserDetailsServiceAutoConfiguration, org.springframework.boot.test.autoconfigure.web.servlet.MockMvcSecurityConfiguration]], org.springframework.boot.test.context.filter.ExcludeFilterContextCustomizer@4ee666ad, org.springframework.boot.test.json.DuplicateJsonObjectContextCustomizerFactory$DuplicateJsonObjectContextCustomizer@33f1c431, org.springframework.boot.test.mock.mockito.MockitoContextCustomizer@0, org.springframework.boot.test.web.client.TestRestTemplateContextCustomizer@5cc054b6], resourceBasePath = 'src/main/webapp', contextLoader = 'org.springframework.boot.test.context.SpringBootContextLoader', parent = [null]], attributes = map['org.springframework.test.context.web.ServletTestExecutionListener.activateListener' -> true, 'org.springframework.test.context.web.ServletTestExecutionListener.populatedRequestContextHolder' -> true, 'org.springframework.test.context.web.ServletTestExecutionListener.resetRequestContextHolder' -> true]]; transaction manager [org.springframework.orm.jpa.JpaTransactionManager@2c6a2296]; rollback [true]

MockHttpServletRequest:
      HTTP Method = GET
      Request URI = /pelicula
       Parameters = {}
          Headers = [Content-Type:"application/json;charset=UTF-8", Content-Length:"126"]
             Body = [{"nombre":"transformers","salaCine":{"numeroSalaCine":"1","capacidadSillas":200,"estadoSalaCine":true},"numeroSalaCine":"1"}]
    Session Attrs = {}

Handler:
             Type = com.ceiba.cinemax.infraestructura.controlador.ControladorPelicula
           Method = com.ceiba.cinemax.infraestructura.controlador.ControladorPelicula#listarPelicula()

Async:
    Async started = false
     Async result = null

Resolved Exception:
             Type = null

ModelAndView:
        View name = null
             View = null
            Model = null

FlashMap:
       Attributes = null

MockHttpServletResponse:
           Status = 200
    Error message = null
          Headers = [Content-Type:"application/json"]
     Content type = application/json
             Body = [{"idPelicula":null,"nombre":"transformers","salaCine":{"estadoSalaCine":true,"numeroSalaCine":"1","capacidadSillas":200},"numeroSalaCine":"1"}]
    Forwarded URL = null
   Redirected URL = null
          Cookies = []
2020-02-21 06:35:27.893  INFO 15484 --- [    Test worker] o.s.t.c.transaction.TransactionContext   : Rolled back transaction for test: [DefaultTestContext@25ca1af2 testClass = ControladorPeliculaTest, testInstance = com.ceiba.cinemax.infraestructura.controlador.ControladorPeliculaTest@55a97da0, testMethod = listarPeliculaTest@ControladorPeliculaTest, testException = [null], mergedContextConfiguration = [WebMergedContextConfiguration@5e51f1c3 testClass = ControladorPeliculaTest, locations = '{}', classes = '{class com.ceiba.cinemax.CinemaxApplication, class com.ceiba.cinemax.CinemaxApplication}', contextInitializerClasses = '[]', activeProfiles = '{}', propertySourceLocations = '{}', propertySourceProperties = '{org.springframework.boot.test.context.SpringBootTestContextBootstrapper=true}', contextCustomizers = set[org.springframework.boot.test.autoconfigure.properties.PropertyMappingContextCustomizer@4b3fa0b3, org.springframework.boot.test.autoconfigure.web.servlet.WebDriverContextCustomizerFactory$Customizer@4156666d, [ImportsContextCustomizer@2c885276 key = [org.springframework.boot.test.autoconfigure.web.servlet.MockMvcAutoConfiguration, org.springframework.boot.test.autoconfigure.web.servlet.MockMvcWebClientAutoConfiguration, org.springframework.boot.test.autoconfigure.web.servlet.MockMvcWebDriverAutoConfiguration, org.springframework.boot.autoconfigure.security.servlet.SecurityAutoConfiguration, org.springframework.boot.autoconfigure.security.servlet.UserDetailsServiceAutoConfiguration, org.springframework.boot.test.autoconfigure.web.servlet.MockMvcSecurityConfiguration]], org.springframework.boot.test.context.filter.ExcludeFilterContextCustomizer@4ee666ad, org.springframework.boot.test.json.DuplicateJsonObjectContextCustomizerFactory$DuplicateJsonObjectContextCustomizer@33f1c431, org.springframework.boot.test.mock.mockito.MockitoContextCustomizer@0, org.springframework.boot.test.web.client.TestRestTemplateContextCustomizer@5cc054b6], resourceBasePath = 'src/main/webapp', contextLoader = 'org.springframework.boot.test.context.SpringBootContextLoader', parent = [null]], attributes = map['org.springframework.test.context.web.ServletTestExecutionListener.activateListener' -> true, 'org.springframework.test.context.web.ServletTestExecutionListener.populatedRequestContextHolder' -> true, 'org.springframework.test.context.web.ServletTestExecutionListener.resetRequestContextHolder' -> true]]
2020-02-21 06:35:27.900  INFO 15484 --- [    Test worker] o.s.t.c.transaction.TransactionContext   : Began transaction (1) for test context [DefaultTestContext@25ca1af2 testClass = ControladorPeliculaTest, testInstance = com.ceiba.cinemax.infraestructura.controlador.ControladorPeliculaTest@1f58341c, testMethod = crearPelicula@ControladorPeliculaTest, testException = [null], mergedContextConfiguration = [WebMergedContextConfiguration@5e51f1c3 testClass = ControladorPeliculaTest, locations = '{}', classes = '{class com.ceiba.cinemax.CinemaxApplication, class com.ceiba.cinemax.CinemaxApplication}', contextInitializerClasses = '[]', activeProfiles = '{}', propertySourceLocations = '{}', propertySourceProperties = '{org.springframework.boot.test.context.SpringBootTestContextBootstrapper=true}', contextCustomizers = set[org.springframework.boot.test.autoconfigure.properties.PropertyMappingContextCustomizer@4b3fa0b3, org.springframework.boot.test.autoconfigure.web.servlet.WebDriverContextCustomizerFactory$Customizer@4156666d, [ImportsContextCustomizer@2c885276 key = [org.springframework.boot.test.autoconfigure.web.servlet.MockMvcAutoConfiguration, org.springframework.boot.test.autoconfigure.web.servlet.MockMvcWebClientAutoConfiguration, org.springframework.boot.test.autoconfigure.web.servlet.MockMvcWebDriverAutoConfiguration, org.springframework.boot.autoconfigure.security.servlet.SecurityAutoConfiguration, org.springframework.boot.autoconfigure.security.servlet.UserDetailsServiceAutoConfiguration, org.springframework.boot.test.autoconfigure.web.servlet.MockMvcSecurityConfiguration]], org.springframework.boot.test.context.filter.ExcludeFilterContextCustomizer@4ee666ad, org.springframework.boot.test.json.DuplicateJsonObjectContextCustomizerFactory$DuplicateJsonObjectContextCustomizer@33f1c431, org.springframework.boot.test.mock.mockito.MockitoContextCustomizer@0, org.springframework.boot.test.web.client.TestRestTemplateContextCustomizer@5cc054b6], resourceBasePath = 'src/main/webapp', contextLoader = 'org.springframework.boot.test.context.SpringBootContextLoader', parent = [null]], attributes = map['org.springframework.test.context.web.ServletTestExecutionListener.activateListener' -> true, 'org.springframework.test.context.web.ServletTestExecutionListener.populatedRequestContextHolder' -> true, 'org.springframework.test.context.web.ServletTestExecutionListener.resetRequestContextHolder' -> true]]; transaction manager [org.springframework.orm.jpa.JpaTransactionManager@2c6a2296]; rollback [true]

MockHttpServletRequest:
      HTTP Method = POST
      Request URI = /pelicula
       Parameters = {}
          Headers = [Content-Type:"application/json;charset=UTF-8", Accept:"application/json", Content-Length:"124"]
             Body = {"nombre":"TRANSFORMERS","salaCine":{"numeroSalaCine":"1","capacidadSillas":200,"estadoSalaCine":true},"numeroSalaCine":"1"}
    Session Attrs = {}

Handler:
             Type = com.ceiba.cinemax.infraestructura.controlador.ControladorPelicula
           Method = com.ceiba.cinemax.infraestructura.controlador.ControladorPelicula#guardarPelicula(ComandoPelicula)

Async:
    Async started = false
     Async result = null

Resolved Exception:
             Type = null

ModelAndView:
        View name = null
             View = null
            Model = null

FlashMap:
       Attributes = null

MockHttpServletResponse:
           Status = 200
    Error message = null
          Headers = []
     Content type = null
             Body = 
    Forwarded URL = null
   Redirected URL = null
          Cookies = []
2020-02-21 06:35:28.342  INFO 15484 --- [    Test worker] o.s.t.c.transaction.TransactionContext   : Rolled back transaction for test: [DefaultTestContext@25ca1af2 testClass = ControladorPeliculaTest, testInstance = com.ceiba.cinemax.infraestructura.controlador.ControladorPeliculaTest@1f58341c, testMethod = crearPelicula@ControladorPeliculaTest, testException = [null], mergedContextConfiguration = [WebMergedContextConfiguration@5e51f1c3 testClass = ControladorPeliculaTest, locations = '{}', classes = '{class com.ceiba.cinemax.CinemaxApplication, class com.ceiba.cinemax.CinemaxApplication}', contextInitializerClasses = '[]', activeProfiles = '{}', propertySourceLocations = '{}', propertySourceProperties = '{org.springframework.boot.test.context.SpringBootTestContextBootstrapper=true}', contextCustomizers = set[org.springframework.boot.test.autoconfigure.properties.PropertyMappingContextCustomizer@4b3fa0b3, org.springframework.boot.test.autoconfigure.web.servlet.WebDriverContextCustomizerFactory$Customizer@4156666d, [ImportsContextCustomizer@2c885276 key = [org.springframework.boot.test.autoconfigure.web.servlet.MockMvcAutoConfiguration, org.springframework.boot.test.autoconfigure.web.servlet.MockMvcWebClientAutoConfiguration, org.springframework.boot.test.autoconfigure.web.servlet.MockMvcWebDriverAutoConfiguration, org.springframework.boot.autoconfigure.security.servlet.SecurityAutoConfiguration, org.springframework.boot.autoconfigure.security.servlet.UserDetailsServiceAutoConfiguration, org.springframework.boot.test.autoconfigure.web.servlet.MockMvcSecurityConfiguration]], org.springframework.boot.test.context.filter.ExcludeFilterContextCustomizer@4ee666ad, org.springframework.boot.test.json.DuplicateJsonObjectContextCustomizerFactory$DuplicateJsonObjectContextCustomizer@33f1c431, org.springframework.boot.test.mock.mockito.MockitoContextCustomizer@0, org.springframework.boot.test.web.client.TestRestTemplateContextCustomizer@5cc054b6], resourceBasePath = 'src/main/webapp', contextLoader = 'org.springframework.boot.test.context.SpringBootContextLoader', parent = [null]], attributes = map['org.springframework.test.context.web.ServletTestExecutionListener.activateListener' -> true, 'org.springframework.test.context.web.ServletTestExecutionListener.populatedRequestContextHolder' -> true, 'org.springframework.test.context.web.ServletTestExecutionListener.resetRequestContextHolder' -> true]]
]]></system-out>
  <system-err><![CDATA[]]></system-err>
</testsuite>
